ERROR - 2022-10-12 06:50:00 --> Error connecting to the database: Error: Class "SQLite3" not found in C:\Users\sholi\wp2\Sisteminformasibengkel\vendor\codeigniter4\framework\system\Database\SQLite3\Connection.php:74
Stack trace:
#0 C:\Users\sholi\wp2\Sisteminformasibengkel\vendor\codeigniter4\framework\system\Database\BaseConnection.php(382): CodeIgniter\Database\SQLite3\Connection->connect(false)
#1 C:\Users\sholi\wp2\Sisteminformasibengkel\vendor\codeigniter4\framework\system\Database\SQLite3\Connection.php(48): CodeIgniter\Database\BaseConnection->initialize()
#2 C:\Users\sholi\wp2\Sisteminformasibengkel\vendor\codeigniter4\framework\system\Test\DatabaseTestTrait.php(74): CodeIgniter\Database\SQLite3\Connection->initialize()
#3 C:\Users\sholi\wp2\Sisteminformasibengkel\vendor\codeigniter4\framework\system\Test\DatabaseTestTrait.php(54): ExampleDatabaseTest->loadDependencies()
#4 C:\Users\sholi\wp2\Sisteminformasibengkel\vendor\codeigniter4\framework\system\Test\CIUnitTestCase.php(247): ExampleDatabaseTest->setUpDatabase()
#5 C:\Users\sholi\wp2\Sisteminformasibengkel\vendor\phpunit\phpunit\src\Framework\TestCase.php(1144): CodeIgniter\Test\CIUnitTestCase->setUp()
#6 C:\Users\sholi\wp2\Sisteminformasibengkel\vendor\phpunit\phpunit\src\Framework\TestResult.php(726): PHPUnit\Framework\TestCase->runBare()
#7 C:\Users\sholi\wp2\Sisteminformasibengkel\vendor\phpunit\phpunit\src\Framework\TestCase.php(903): PHPUnit\Framework\TestResult->run(Object(ExampleDatabaseTest))
#8 C:\Users\sholi\wp2\Sisteminformasibengkel\vendor\phpunit\phpunit\src\Framework\TestSuite.php(672): PHPUnit\Framework\TestCase->run(Object(PHPUnit\Framework\TestResult))
#9 C:\Users\sholi\wp2\Sisteminformasibengkel\vendor\phpunit\phpunit\src\Framework\TestSuite.php(672): PHPUnit\Framework\TestSuite->run(Object(PHPUnit\Framework\TestResult))
#10 C:\Users\sholi\wp2\Sisteminformasibengkel\vendor\phpunit\phpunit\src\Framework\TestSuite.php(672): PHPUnit\Framework\TestSuite->run(Object(PHPUnit\Framework\TestResult))
#11 C:\Users\sholi\wp2\Sisteminformasibengkel\vendor\phpunit\phpunit\src\TextUI\TestRunner.php(673): PHPUnit\Framework\TestSuite->run(Object(PHPUnit\Framework\TestResult))
#12 C:\Users\sholi\wp2\Sisteminformasibengkel\vendor\phpunit\phpunit\src\TextUI\Command.php(143): PHPUnit\TextUI\TestRunner->run(Object(PHPUnit\Framework\TestSuite), Array, Array, true)
#13 C:\Users\sholi\wp2\Sisteminformasibengkel\vendor\phpunit\phpunit\src\TextUI\Command.php(96): PHPUnit\TextUI\Command->run(Array, true)
#14 C:\Users\sholi\wp2\Sisteminformasibengkel\vendor\phpunit\phpunit\phpunit(98): PHPUnit\TextUI\Command::main()
#15 C:\Users\sholi\wp2\Sisteminformasibengkel\vendor\bin\phpunit(123): include('C:\\Users\\sholi\\...')
#16 {main}
ERROR - 2022-10-12 06:50:00 --> Error connecting to the database: Error: Class "SQLite3" not found in C:\Users\sholi\wp2\Sisteminformasibengkel\vendor\codeigniter4\framework\system\Database\SQLite3\Connection.php:74
Stack trace:
#0 C:\Users\sholi\wp2\Sisteminformasibengkel\vendor\codeigniter4\framework\system\Database\BaseConnection.php(382): CodeIgniter\Database\SQLite3\Connection->connect(false)
#1 C:\Users\sholi\wp2\Sisteminformasibengkel\vendor\codeigniter4\framework\system\Database\SQLite3\Connection.php(48): CodeIgniter\Database\BaseConnection->initialize()
#2 C:\Users\sholi\wp2\Sisteminformasibengkel\vendor\codeigniter4\framework\system\Test\DatabaseTestTrait.php(74): CodeIgniter\Database\SQLite3\Connection->initialize()
#3 C:\Users\sholi\wp2\Sisteminformasibengkel\vendor\codeigniter4\framework\system\Test\DatabaseTestTrait.php(54): ExampleDatabaseTest->loadDependencies()
#4 C:\Users\sholi\wp2\Sisteminformasibengkel\vendor\codeigniter4\framework\system\Test\CIUnitTestCase.php(247): ExampleDatabaseTest->setUpDatabase()
#5 C:\Users\sholi\wp2\Sisteminformasibengkel\vendor\phpunit\phpunit\src\Framework\TestCase.php(1144): CodeIgniter\Test\CIUnitTestCase->setUp()
#6 C:\Users\sholi\wp2\Sisteminformasibengkel\vendor\phpunit\phpunit\src\Framework\TestResult.php(726): PHPUnit\Framework\TestCase->runBare()
#7 C:\Users\sholi\wp2\Sisteminformasibengkel\vendor\phpunit\phpunit\src\Framework\TestCase.php(903): PHPUnit\Framework\TestResult->run(Object(ExampleDatabaseTest))
#8 C:\Users\sholi\wp2\Sisteminformasibengkel\vendor\phpunit\phpunit\src\Framework\TestSuite.php(672): PHPUnit\Framework\TestCase->run(Object(PHPUnit\Framework\TestResult))
#9 C:\Users\sholi\wp2\Sisteminformasibengkel\vendor\phpunit\phpunit\src\Framework\TestSuite.php(672): PHPUnit\Framework\TestSuite->run(Object(PHPUnit\Framework\TestResult))
#10 C:\Users\sholi\wp2\Sisteminformasibengkel\vendor\phpunit\phpunit\src\Framework\TestSuite.php(672): PHPUnit\Framework\TestSuite->run(Object(PHPUnit\Framework\TestResult))
#11 C:\Users\sholi\wp2\Sisteminformasibengkel\vendor\phpunit\phpunit\src\TextUI\TestRunner.php(673): PHPUnit\Framework\TestSuite->run(Object(PHPUnit\Framework\TestResult))
#12 C:\Users\sholi\wp2\Sisteminformasibengkel\vendor\phpunit\phpunit\src\TextUI\Command.php(143): PHPUnit\TextUI\TestRunner->run(Object(PHPUnit\Framework\TestSuite), Array, Array, true)
#13 C:\Users\sholi\wp2\Sisteminformasibengkel\vendor\phpunit\phpunit\src\TextUI\Command.php(96): PHPUnit\TextUI\Command->run(Array, true)
#14 C:\Users\sholi\wp2\Sisteminformasibengkel\vendor\phpunit\phpunit\phpunit(98): PHPUnit\TextUI\Command::main()
#15 C:\Users\sholi\wp2\Sisteminformasibengkel\vendor\bin\phpunit(123): include('C:\\Users\\sholi\\...')
#16 {main}
ERROR - 2022-10-12 06:52:01 --> Error connecting to the database: Error: Class "SQLite3" not found in C:\Users\sholi\wp2\Sisteminformasibengkel\vendor\codeigniter4\framework\system\Database\SQLite3\Connection.php:74
Stack trace:
#0 C:\Users\sholi\wp2\Sisteminformasibengkel\vendor\codeigniter4\framework\system\Database\BaseConnection.php(382): CodeIgniter\Database\SQLite3\Connection->connect(false)
#1 C:\Users\sholi\wp2\Sisteminformasibengkel\vendor\codeigniter4\framework\system\Database\SQLite3\Connection.php(48): CodeIgniter\Database\BaseConnection->initialize()
#2 C:\Users\sholi\wp2\Sisteminformasibengkel\vendor\codeigniter4\framework\system\Test\DatabaseTestTrait.php(74): CodeIgniter\Database\SQLite3\Connection->initialize()
#3 C:\Users\sholi\wp2\Sisteminformasibengkel\vendor\codeigniter4\framework\system\Test\DatabaseTestTrait.php(54): ExampleDatabaseTest->loadDependencies()
#4 C:\Users\sholi\wp2\Sisteminformasibengkel\vendor\codeigniter4\framework\system\Test\CIUnitTestCase.php(247): ExampleDatabaseTest->setUpDatabase()
#5 C:\Users\sholi\wp2\Sisteminformasibengkel\vendor\phpunit\phpunit\src\Framework\TestCase.php(1144): CodeIgniter\Test\CIUnitTestCase->setUp()
#6 C:\Users\sholi\wp2\Sisteminformasibengkel\vendor\phpunit\phpunit\src\Framework\TestResult.php(726): PHPUnit\Framework\TestCase->runBare()
#7 C:\Users\sholi\wp2\Sisteminformasibengkel\vendor\phpunit\phpunit\src\Framework\TestCase.php(903): PHPUnit\Framework\TestResult->run(Object(ExampleDatabaseTest))
#8 C:\Users\sholi\wp2\Sisteminformasibengkel\vendor\phpunit\phpunit\src\Framework\TestSuite.php(672): PHPUnit\Framework\TestCase->run(Object(PHPUnit\Framework\TestResult))
#9 C:\Users\sholi\wp2\Sisteminformasibengkel\vendor\phpunit\phpunit\src\Framework\TestSuite.php(672): PHPUnit\Framework\TestSuite->run(Object(PHPUnit\Framework\TestResult))
#10 C:\Users\sholi\wp2\Sisteminformasibengkel\vendor\phpunit\phpunit\src\Framework\TestSuite.php(672): PHPUnit\Framework\TestSuite->run(Object(PHPUnit\Framework\TestResult))
#11 C:\Users\sholi\wp2\Sisteminformasibengkel\vendor\phpunit\phpunit\src\TextUI\TestRunner.php(673): PHPUnit\Framework\TestSuite->run(Object(PHPUnit\Framework\TestResult))
#12 C:\Users\sholi\wp2\Sisteminformasibengkel\vendor\phpunit\phpunit\src\TextUI\Command.php(143): PHPUnit\TextUI\TestRunner->run(Object(PHPUnit\Framework\TestSuite), Array, Array, true)
#13 C:\Users\sholi\wp2\Sisteminformasibengkel\vendor\phpunit\phpunit\src\TextUI\Command.php(96): PHPUnit\TextUI\Command->run(Array, true)
#14 C:\Users\sholi\wp2\Sisteminformasibengkel\vendor\phpunit\phpunit\phpunit(98): PHPUnit\TextUI\Command::main()
#15 C:\Users\sholi\wp2\Sisteminformasibengkel\vendor\bin\phpunit(123): include('C:\\Users\\sholi\\...')
#16 {main}
ERROR - 2022-10-12 06:52:01 --> Error connecting to the database: Error: Class "SQLite3" not found in C:\Users\sholi\wp2\Sisteminformasibengkel\vendor\codeigniter4\framework\system\Database\SQLite3\Connection.php:74
Stack trace:
#0 C:\Users\sholi\wp2\Sisteminformasibengkel\vendor\codeigniter4\framework\system\Database\BaseConnection.php(382): CodeIgniter\Database\SQLite3\Connection->connect(false)
#1 C:\Users\sholi\wp2\Sisteminformasibengkel\vendor\codeigniter4\framework\system\Database\SQLite3\Connection.php(48): CodeIgniter\Database\BaseConnection->initialize()
#2 C:\Users\sholi\wp2\Sisteminformasibengkel\vendor\codeigniter4\framework\system\Test\DatabaseTestTrait.php(74): CodeIgniter\Database\SQLite3\Connection->initialize()
#3 C:\Users\sholi\wp2\Sisteminformasibengkel\vendor\codeigniter4\framework\system\Test\DatabaseTestTrait.php(54): ExampleDatabaseTest->loadDependencies()
#4 C:\Users\sholi\wp2\Sisteminformasibengkel\vendor\codeigniter4\framework\system\Test\CIUnitTestCase.php(247): ExampleDatabaseTest->setUpDatabase()
#5 C:\Users\sholi\wp2\Sisteminformasibengkel\vendor\phpunit\phpunit\src\Framework\TestCase.php(1144): CodeIgniter\Test\CIUnitTestCase->setUp()
#6 C:\Users\sholi\wp2\Sisteminformasibengkel\vendor\phpunit\phpunit\src\Framework\TestResult.php(726): PHPUnit\Framework\TestCase->runBare()
#7 C:\Users\sholi\wp2\Sisteminformasibengkel\vendor\phpunit\phpunit\src\Framework\TestCase.php(903): PHPUnit\Framework\TestResult->run(Object(ExampleDatabaseTest))
#8 C:\Users\sholi\wp2\Sisteminformasibengkel\vendor\phpunit\phpunit\src\Framework\TestSuite.php(672): PHPUnit\Framework\TestCase->run(Object(PHPUnit\Framework\TestResult))
#9 C:\Users\sholi\wp2\Sisteminformasibengkel\vendor\phpunit\phpunit\src\Framework\TestSuite.php(672): PHPUnit\Framework\TestSuite->run(Object(PHPUnit\Framework\TestResult))
#10 C:\Users\sholi\wp2\Sisteminformasibengkel\vendor\phpunit\phpunit\src\Framework\TestSuite.php(672): PHPUnit\Framework\TestSuite->run(Object(PHPUnit\Framework\TestResult))
#11 C:\Users\sholi\wp2\Sisteminformasibengkel\vendor\phpunit\phpunit\src\TextUI\TestRunner.php(673): PHPUnit\Framework\TestSuite->run(Object(PHPUnit\Framework\TestResult))
#12 C:\Users\sholi\wp2\Sisteminformasibengkel\vendor\phpunit\phpunit\src\TextUI\Command.php(143): PHPUnit\TextUI\TestRunner->run(Object(PHPUnit\Framework\TestSuite), Array, Array, true)
#13 C:\Users\sholi\wp2\Sisteminformasibengkel\vendor\phpunit\phpunit\src\TextUI\Command.php(96): PHPUnit\TextUI\Command->run(Array, true)
#14 C:\Users\sholi\wp2\Sisteminformasibengkel\vendor\phpunit\phpunit\phpunit(98): PHPUnit\TextUI\Command::main()
#15 C:\Users\sholi\wp2\Sisteminformasibengkel\vendor\bin\phpunit(123): include('C:\\Users\\sholi\\...')
#16 {main}
ERROR - 2022-10-12 07:20:30 --> Error connecting to the database: Error: Class "SQLite3" not found in C:\Users\sholi\wp2\Sisteminformasibengkel\vendor\codeigniter4\framework\system\Database\SQLite3\Connection.php:74
Stack trace:
#0 C:\Users\sholi\wp2\Sisteminformasibengkel\vendor\codeigniter4\framework\system\Database\BaseConnection.php(382): CodeIgniter\Database\SQLite3\Connection->connect(false)
#1 C:\Users\sholi\wp2\Sisteminformasibengkel\vendor\codeigniter4\framework\system\Database\SQLite3\Connection.php(48): CodeIgniter\Database\BaseConnection->initialize()
#2 C:\Users\sholi\wp2\Sisteminformasibengkel\vendor\codeigniter4\framework\system\Test\DatabaseTestTrait.php(74): CodeIgniter\Database\SQLite3\Connection->initialize()
#3 C:\Users\sholi\wp2\Sisteminformasibengkel\vendor\codeigniter4\framework\system\Test\DatabaseTestTrait.php(54): ExampleDatabaseTest->loadDependencies()
#4 C:\Users\sholi\wp2\Sisteminformasibengkel\vendor\codeigniter4\framework\system\Test\CIUnitTestCase.php(247): ExampleDatabaseTest->setUpDatabase()
#5 C:\Users\sholi\wp2\Sisteminformasibengkel\vendor\phpunit\phpunit\src\Framework\TestCase.php(1144): CodeIgniter\Test\CIUnitTestCase->setUp()
#6 C:\Users\sholi\wp2\Sisteminformasibengkel\vendor\phpunit\phpunit\src\Framework\TestResult.php(726): PHPUnit\Framework\TestCase->runBare()
#7 C:\Users\sholi\wp2\Sisteminformasibengkel\vendor\phpunit\phpunit\src\Framework\TestCase.php(903): PHPUnit\Framework\TestResult->run(Object(ExampleDatabaseTest))
#8 C:\Users\sholi\wp2\Sisteminformasibengkel\vendor\phpunit\phpunit\src\Framework\TestSuite.php(672): PHPUnit\Framework\TestCase->run(Object(PHPUnit\Framework\TestResult))
#9 C:\Users\sholi\wp2\Sisteminformasibengkel\vendor\phpunit\phpunit\src\Framework\TestSuite.php(672): PHPUnit\Framework\TestSuite->run(Object(PHPUnit\Framework\TestResult))
#10 C:\Users\sholi\wp2\Sisteminformasibengkel\vendor\phpunit\phpunit\src\Framework\TestSuite.php(672): PHPUnit\Framework\TestSuite->run(Object(PHPUnit\Framework\TestResult))
#11 C:\Users\sholi\wp2\Sisteminformasibengkel\vendor\phpunit\phpunit\src\TextUI\TestRunner.php(673): PHPUnit\Framework\TestSuite->run(Object(PHPUnit\Framework\TestResult))
#12 C:\Users\sholi\wp2\Sisteminformasibengkel\vendor\phpunit\phpunit\src\TextUI\Command.php(143): PHPUnit\TextUI\TestRunner->run(Object(PHPUnit\Framework\TestSuite), Array, Array, true)
#13 C:\Users\sholi\wp2\Sisteminformasibengkel\vendor\phpunit\phpunit\src\TextUI\Command.php(96): PHPUnit\TextUI\Command->run(Array, true)
#14 C:\Users\sholi\wp2\Sisteminformasibengkel\vendor\phpunit\phpunit\phpunit(98): PHPUnit\TextUI\Command::main()
#15 C:\Users\sholi\wp2\Sisteminformasibengkel\vendor\bin\phpunit(123): include('C:\\Users\\sholi\\...')
#16 {main}
ERROR - 2022-10-12 07:20:30 --> Error connecting to the database: Error: Class "SQLite3" not found in C:\Users\sholi\wp2\Sisteminformasibengkel\vendor\codeigniter4\framework\system\Database\SQLite3\Connection.php:74
Stack trace:
#0 C:\Users\sholi\wp2\Sisteminformasibengkel\vendor\codeigniter4\framework\system\Database\BaseConnection.php(382): CodeIgniter\Database\SQLite3\Connection->connect(false)
#1 C:\Users\sholi\wp2\Sisteminformasibengkel\vendor\codeigniter4\framework\system\Database\SQLite3\Connection.php(48): CodeIgniter\Database\BaseConnection->initialize()
#2 C:\Users\sholi\wp2\Sisteminformasibengkel\vendor\codeigniter4\framework\system\Test\DatabaseTestTrait.php(74): CodeIgniter\Database\SQLite3\Connection->initialize()
#3 C:\Users\sholi\wp2\Sisteminformasibengkel\vendor\codeigniter4\framework\system\Test\DatabaseTestTrait.php(54): ExampleDatabaseTest->loadDependencies()
#4 C:\Users\sholi\wp2\Sisteminformasibengkel\vendor\codeigniter4\framework\system\Test\CIUnitTestCase.php(247): ExampleDatabaseTest->setUpDatabase()
#5 C:\Users\sholi\wp2\Sisteminformasibengkel\vendor\phpunit\phpunit\src\Framework\TestCase.php(1144): CodeIgniter\Test\CIUnitTestCase->setUp()
#6 C:\Users\sholi\wp2\Sisteminformasibengkel\vendor\phpunit\phpunit\src\Framework\TestResult.php(726): PHPUnit\Framework\TestCase->runBare()
#7 C:\Users\sholi\wp2\Sisteminformasibengkel\vendor\phpunit\phpunit\src\Framework\TestCase.php(903): PHPUnit\Framework\TestResult->run(Object(ExampleDatabaseTest))
#8 C:\Users\sholi\wp2\Sisteminformasibengkel\vendor\phpunit\phpunit\src\Framework\TestSuite.php(672): PHPUnit\Framework\TestCase->run(Object(PHPUnit\Framework\TestResult))
#9 C:\Users\sholi\wp2\Sisteminformasibengkel\vendor\phpunit\phpunit\src\Framework\TestSuite.php(672): PHPUnit\Framework\TestSuite->run(Object(PHPUnit\Framework\TestResult))
#10 C:\Users\sholi\wp2\Sisteminformasibengkel\vendor\phpunit\phpunit\src\Framework\TestSuite.php(672): PHPUnit\Framework\TestSuite->run(Object(PHPUnit\Framework\TestResult))
#11 C:\Users\sholi\wp2\Sisteminformasibengkel\vendor\phpunit\phpunit\src\TextUI\TestRunner.php(673): PHPUnit\Framework\TestSuite->run(Object(PHPUnit\Framework\TestResult))
#12 C:\Users\sholi\wp2\Sisteminformasibengkel\vendor\phpunit\phpunit\src\TextUI\Command.php(143): PHPUnit\TextUI\TestRunner->run(Object(PHPUnit\Framework\TestSuite), Array, Array, true)
#13 C:\Users\sholi\wp2\Sisteminformasibengkel\vendor\phpunit\phpunit\src\TextUI\Command.php(96): PHPUnit\TextUI\Command->run(Array, true)
#14 C:\Users\sholi\wp2\Sisteminformasibengkel\vendor\phpunit\phpunit\phpunit(98): PHPUnit\TextUI\Command::main()
#15 C:\Users\sholi\wp2\Sisteminformasibengkel\vendor\bin\phpunit(123): include('C:\\Users\\sholi\\...')
#16 {main}
ERROR - 2022-10-12 07:23:24 --> Error connecting to the database: Error: Class "SQLite3" not found in C:\Users\sholi\wp2\Sisteminformasibengkel\vendor\codeigniter4\framework\system\Database\SQLite3\Connection.php:74
Stack trace:
#0 C:\Users\sholi\wp2\Sisteminformasibengkel\vendor\codeigniter4\framework\system\Database\BaseConnection.php(382): CodeIgniter\Database\SQLite3\Connection->connect(false)
#1 C:\Users\sholi\wp2\Sisteminformasibengkel\vendor\codeigniter4\framework\system\Database\SQLite3\Connection.php(48): CodeIgniter\Database\BaseConnection->initialize()
#2 C:\Users\sholi\wp2\Sisteminformasibengkel\vendor\codeigniter4\framework\system\Test\DatabaseTestTrait.php(74): CodeIgniter\Database\SQLite3\Connection->initialize()
#3 C:\Users\sholi\wp2\Sisteminformasibengkel\vendor\codeigniter4\framework\system\Test\DatabaseTestTrait.php(54): ExampleDatabaseTest->loadDependencies()
#4 C:\Users\sholi\wp2\Sisteminformasibengkel\vendor\codeigniter4\framework\system\Test\CIUnitTestCase.php(247): ExampleDatabaseTest->setUpDatabase()
#5 C:\Users\sholi\wp2\Sisteminformasibengkel\vendor\phpunit\phpunit\src\Framework\TestCase.php(1144): CodeIgniter\Test\CIUnitTestCase->setUp()
#6 C:\Users\sholi\wp2\Sisteminformasibengkel\vendor\phpunit\phpunit\src\Framework\TestResult.php(726): PHPUnit\Framework\TestCase->runBare()
#7 C:\Users\sholi\wp2\Sisteminformasibengkel\vendor\phpunit\phpunit\src\Framework\TestCase.php(903): PHPUnit\Framework\TestResult->run(Object(ExampleDatabaseTest))
#8 C:\Users\sholi\wp2\Sisteminformasibengkel\vendor\phpunit\phpunit\src\Framework\TestSuite.php(672): PHPUnit\Framework\TestCase->run(Object(PHPUnit\Framework\TestResult))
#9 C:\Users\sholi\wp2\Sisteminformasibengkel\vendor\phpunit\phpunit\src\Framework\TestSuite.php(672): PHPUnit\Framework\TestSuite->run(Object(PHPUnit\Framework\TestResult))
#10 C:\Users\sholi\wp2\Sisteminformasibengkel\vendor\phpunit\phpunit\src\Framework\TestSuite.php(672): PHPUnit\Framework\TestSuite->run(Object(PHPUnit\Framework\TestResult))
#11 C:\Users\sholi\wp2\Sisteminformasibengkel\vendor\phpunit\phpunit\src\TextUI\TestRunner.php(673): PHPUnit\Framework\TestSuite->run(Object(PHPUnit\Framework\TestResult))
#12 C:\Users\sholi\wp2\Sisteminformasibengkel\vendor\phpunit\phpunit\src\TextUI\Command.php(143): PHPUnit\TextUI\TestRunner->run(Object(PHPUnit\Framework\TestSuite), Array, Array, true)
#13 C:\Users\sholi\wp2\Sisteminformasibengkel\vendor\phpunit\phpunit\src\TextUI\Command.php(96): PHPUnit\TextUI\Command->run(Array, true)
#14 C:\Users\sholi\wp2\Sisteminformasibengkel\vendor\phpunit\phpunit\phpunit(98): PHPUnit\TextUI\Command::main()
#15 C:\Users\sholi\wp2\Sisteminformasibengkel\vendor\bin\phpunit(123): include('C:\\Users\\sholi\\...')
#16 {main}
ERROR - 2022-10-12 07:23:24 --> Error connecting to the database: Error: Class "SQLite3" not found in C:\Users\sholi\wp2\Sisteminformasibengkel\vendor\codeigniter4\framework\system\Database\SQLite3\Connection.php:74
Stack trace:
#0 C:\Users\sholi\wp2\Sisteminformasibengkel\vendor\codeigniter4\framework\system\Database\BaseConnection.php(382): CodeIgniter\Database\SQLite3\Connection->connect(false)
#1 C:\Users\sholi\wp2\Sisteminformasibengkel\vendor\codeigniter4\framework\system\Database\SQLite3\Connection.php(48): CodeIgniter\Database\BaseConnection->initialize()
#2 C:\Users\sholi\wp2\Sisteminformasibengkel\vendor\codeigniter4\framework\system\Test\DatabaseTestTrait.php(74): CodeIgniter\Database\SQLite3\Connection->initialize()
#3 C:\Users\sholi\wp2\Sisteminformasibengkel\vendor\codeigniter4\framework\system\Test\DatabaseTestTrait.php(54): ExampleDatabaseTest->loadDependencies()
#4 C:\Users\sholi\wp2\Sisteminformasibengkel\vendor\codeigniter4\framework\system\Test\CIUnitTestCase.php(247): ExampleDatabaseTest->setUpDatabase()
#5 C:\Users\sholi\wp2\Sisteminformasibengkel\vendor\phpunit\phpunit\src\Framework\TestCase.php(1144): CodeIgniter\Test\CIUnitTestCase->setUp()
#6 C:\Users\sholi\wp2\Sisteminformasibengkel\vendor\phpunit\phpunit\src\Framework\TestResult.php(726): PHPUnit\Framework\TestCase->runBare()
#7 C:\Users\sholi\wp2\Sisteminformasibengkel\vendor\phpunit\phpunit\src\Framework\TestCase.php(903): PHPUnit\Framework\TestResult->run(Object(ExampleDatabaseTest))
#8 C:\Users\sholi\wp2\Sisteminformasibengkel\vendor\phpunit\phpunit\src\Framework\TestSuite.php(672): PHPUnit\Framework\TestCase->run(Object(PHPUnit\Framework\TestResult))
#9 C:\Users\sholi\wp2\Sisteminformasibengkel\vendor\phpunit\phpunit\src\Framework\TestSuite.php(672): PHPUnit\Framework\TestSuite->run(Object(PHPUnit\Framework\TestResult))
#10 C:\Users\sholi\wp2\Sisteminformasibengkel\vendor\phpunit\phpunit\src\Framework\TestSuite.php(672): PHPUnit\Framework\TestSuite->run(Object(PHPUnit\Framework\TestResult))
#11 C:\Users\sholi\wp2\Sisteminformasibengkel\vendor\phpunit\phpunit\src\TextUI\TestRunner.php(673): PHPUnit\Framework\TestSuite->run(Object(PHPUnit\Framework\TestResult))
#12 C:\Users\sholi\wp2\Sisteminformasibengkel\vendor\phpunit\phpunit\src\TextUI\Command.php(143): PHPUnit\TextUI\TestRunner->run(Object(PHPUnit\Framework\TestSuite), Array, Array, true)
#13 C:\Users\sholi\wp2\Sisteminformasibengkel\vendor\phpunit\phpunit\src\TextUI\Command.php(96): PHPUnit\TextUI\Command->run(Array, true)
#14 C:\Users\sholi\wp2\Sisteminformasibengkel\vendor\phpunit\phpunit\phpunit(98): PHPUnit\TextUI\Command::main()
#15 C:\Users\sholi\wp2\Sisteminformasibengkel\vendor\bin\phpunit(123): include('C:\\Users\\sholi\\...')
#16 {main}
ERROR - 2022-10-12 07:37:26 --> Error connecting to the database: Error: Class "SQLite3" not found in C:\Users\sholi\wp2\Sisteminformasibengkel\vendor\codeigniter4\framework\system\Database\SQLite3\Connection.php:74
Stack trace:
#0 C:\Users\sholi\wp2\Sisteminformasibengkel\vendor\codeigniter4\framework\system\Database\BaseConnection.php(382): CodeIgniter\Database\SQLite3\Connection->connect(false)
#1 C:\Users\sholi\wp2\Sisteminformasibengkel\vendor\codeigniter4\framework\system\Database\SQLite3\Connection.php(48): CodeIgniter\Database\BaseConnection->initialize()
#2 C:\Users\sholi\wp2\Sisteminformasibengkel\vendor\codeigniter4\framework\system\Test\DatabaseTestTrait.php(74): CodeIgniter\Database\SQLite3\Connection->initialize()
#3 C:\Users\sholi\wp2\Sisteminformasibengkel\vendor\codeigniter4\framework\system\Test\DatabaseTestTrait.php(54): ExampleDatabaseTest->loadDependencies()
#4 C:\Users\sholi\wp2\Sisteminformasibengkel\vendor\codeigniter4\framework\system\Test\CIUnitTestCase.php(247): ExampleDatabaseTest->setUpDatabase()
#5 C:\Users\sholi\wp2\Sisteminformasibengkel\vendor\phpunit\phpunit\src\Framework\TestCase.php(1144): CodeIgniter\Test\CIUnitTestCase->setUp()
#6 C:\Users\sholi\wp2\Sisteminformasibengkel\vendor\phpunit\phpunit\src\Framework\TestResult.php(726): PHPUnit\Framework\TestCase->runBare()
#7 C:\Users\sholi\wp2\Sisteminformasibengkel\vendor\phpunit\phpunit\src\Framework\TestCase.php(903): PHPUnit\Framework\TestResult->run(Object(ExampleDatabaseTest))
#8 C:\Users\sholi\wp2\Sisteminformasibengkel\vendor\phpunit\phpunit\src\Framework\TestSuite.php(672): PHPUnit\Framework\TestCase->run(Object(PHPUnit\Framework\TestResult))
#9 C:\Users\sholi\wp2\Sisteminformasibengkel\vendor\phpunit\phpunit\src\Framework\TestSuite.php(672): PHPUnit\Framework\TestSuite->run(Object(PHPUnit\Framework\TestResult))
#10 C:\Users\sholi\wp2\Sisteminformasibengkel\vendor\phpunit\phpunit\src\Framework\TestSuite.php(672): PHPUnit\Framework\TestSuite->run(Object(PHPUnit\Framework\TestResult))
#11 C:\Users\sholi\wp2\Sisteminformasibengkel\vendor\phpunit\phpunit\src\TextUI\TestRunner.php(673): PHPUnit\Framework\TestSuite->run(Object(PHPUnit\Framework\TestResult))
#12 C:\Users\sholi\wp2\Sisteminformasibengkel\vendor\phpunit\phpunit\src\TextUI\Command.php(143): PHPUnit\TextUI\TestRunner->run(Object(PHPUnit\Framework\TestSuite), Array, Array, true)
#13 C:\Users\sholi\wp2\Sisteminformasibengkel\vendor\phpunit\phpunit\src\TextUI\Command.php(96): PHPUnit\TextUI\Command->run(Array, true)
#14 C:\Users\sholi\wp2\Sisteminformasibengkel\vendor\phpunit\phpunit\phpunit(98): PHPUnit\TextUI\Command::main()
#15 C:\Users\sholi\wp2\Sisteminformasibengkel\vendor\bin\phpunit(123): include('C:\\Users\\sholi\\...')
#16 {main}
ERROR - 2022-10-12 07:37:26 --> Error connecting to the database: Error: Class "SQLite3" not found in C:\Users\sholi\wp2\Sisteminformasibengkel\vendor\codeigniter4\framework\system\Database\SQLite3\Connection.php:74
Stack trace:
#0 C:\Users\sholi\wp2\Sisteminformasibengkel\vendor\codeigniter4\framework\system\Database\BaseConnection.php(382): CodeIgniter\Database\SQLite3\Connection->connect(false)
#1 C:\Users\sholi\wp2\Sisteminformasibengkel\vendor\codeigniter4\framework\system\Database\SQLite3\Connection.php(48): CodeIgniter\Database\BaseConnection->initialize()
#2 C:\Users\sholi\wp2\Sisteminformasibengkel\vendor\codeigniter4\framework\system\Test\DatabaseTestTrait.php(74): CodeIgniter\Database\SQLite3\Connection->initialize()
#3 C:\Users\sholi\wp2\Sisteminformasibengkel\vendor\codeigniter4\framework\system\Test\DatabaseTestTrait.php(54): ExampleDatabaseTest->loadDependencies()
#4 C:\Users\sholi\wp2\Sisteminformasibengkel\vendor\codeigniter4\framework\system\Test\CIUnitTestCase.php(247): ExampleDatabaseTest->setUpDatabase()
#5 C:\Users\sholi\wp2\Sisteminformasibengkel\vendor\phpunit\phpunit\src\Framework\TestCase.php(1144): CodeIgniter\Test\CIUnitTestCase->setUp()
#6 C:\Users\sholi\wp2\Sisteminformasibengkel\vendor\phpunit\phpunit\src\Framework\TestResult.php(726): PHPUnit\Framework\TestCase->runBare()
#7 C:\Users\sholi\wp2\Sisteminformasibengkel\vendor\phpunit\phpunit\src\Framework\TestCase.php(903): PHPUnit\Framework\TestResult->run(Object(ExampleDatabaseTest))
#8 C:\Users\sholi\wp2\Sisteminformasibengkel\vendor\phpunit\phpunit\src\Framework\TestSuite.php(672): PHPUnit\Framework\TestCase->run(Object(PHPUnit\Framework\TestResult))
#9 C:\Users\sholi\wp2\Sisteminformasibengkel\vendor\phpunit\phpunit\src\Framework\TestSuite.php(672): PHPUnit\Framework\TestSuite->run(Object(PHPUnit\Framework\TestResult))
#10 C:\Users\sholi\wp2\Sisteminformasibengkel\vendor\phpunit\phpunit\src\Framework\TestSuite.php(672): PHPUnit\Framework\TestSuite->run(Object(PHPUnit\Framework\TestResult))
#11 C:\Users\sholi\wp2\Sisteminformasibengkel\vendor\phpunit\phpunit\src\TextUI\TestRunner.php(673): PHPUnit\Framework\TestSuite->run(Object(PHPUnit\Framework\TestResult))
#12 C:\Users\sholi\wp2\Sisteminformasibengkel\vendor\phpunit\phpunit\src\TextUI\Command.php(143): PHPUnit\TextUI\TestRunner->run(Object(PHPUnit\Framework\TestSuite), Array, Array, true)
#13 C:\Users\sholi\wp2\Sisteminformasibengkel\vendor\phpunit\phpunit\src\TextUI\Command.php(96): PHPUnit\TextUI\Command->run(Array, true)
#14 C:\Users\sholi\wp2\Sisteminformasibengkel\vendor\phpunit\phpunit\phpunit(98): PHPUnit\TextUI\Command::main()
#15 C:\Users\sholi\wp2\Sisteminformasibengkel\vendor\bin\phpunit(123): include('C:\\Users\\sholi\\...')
#16 {main}
ERROR - 2022-10-12 07:39:50 --> Error connecting to the database: Error: Class "SQLite3" not found in C:\Users\sholi\wp2\Sisteminformasibengkel\vendor\codeigniter4\framework\system\Database\SQLite3\Connection.php:74
Stack trace:
#0 C:\Users\sholi\wp2\Sisteminformasibengkel\vendor\codeigniter4\framework\system\Database\BaseConnection.php(382): CodeIgniter\Database\SQLite3\Connection->connect(false)
#1 C:\Users\sholi\wp2\Sisteminformasibengkel\vendor\codeigniter4\framework\system\Database\SQLite3\Connection.php(48): CodeIgniter\Database\BaseConnection->initialize()
#2 C:\Users\sholi\wp2\Sisteminformasibengkel\vendor\codeigniter4\framework\system\Test\DatabaseTestTrait.php(74): CodeIgniter\Database\SQLite3\Connection->initialize()
#3 C:\Users\sholi\wp2\Sisteminformasibengkel\vendor\codeigniter4\framework\system\Test\DatabaseTestTrait.php(54): ExampleDatabaseTest->loadDependencies()
#4 C:\Users\sholi\wp2\Sisteminformasibengkel\vendor\codeigniter4\framework\system\Test\CIUnitTestCase.php(247): ExampleDatabaseTest->setUpDatabase()
#5 C:\Users\sholi\wp2\Sisteminformasibengkel\vendor\phpunit\phpunit\src\Framework\TestCase.php(1144): CodeIgniter\Test\CIUnitTestCase->setUp()
#6 C:\Users\sholi\wp2\Sisteminformasibengkel\vendor\phpunit\phpunit\src\Framework\TestResult.php(726): PHPUnit\Framework\TestCase->runBare()
#7 C:\Users\sholi\wp2\Sisteminformasibengkel\vendor\phpunit\phpunit\src\Framework\TestCase.php(903): PHPUnit\Framework\TestResult->run(Object(ExampleDatabaseTest))
#8 C:\Users\sholi\wp2\Sisteminformasibengkel\vendor\phpunit\phpunit\src\Framework\TestSuite.php(672): PHPUnit\Framework\TestCase->run(Object(PHPUnit\Framework\TestResult))
#9 C:\Users\sholi\wp2\Sisteminformasibengkel\vendor\phpunit\phpunit\src\Framework\TestSuite.php(672): PHPUnit\Framework\TestSuite->run(Object(PHPUnit\Framework\TestResult))
#10 C:\Users\sholi\wp2\Sisteminformasibengkel\vendor\phpunit\phpunit\src\Framework\TestSuite.php(672): PHPUnit\Framework\TestSuite->run(Object(PHPUnit\Framework\TestResult))
#11 C:\Users\sholi\wp2\Sisteminformasibengkel\vendor\phpunit\phpunit\src\TextUI\TestRunner.php(673): PHPUnit\Framework\TestSuite->run(Object(PHPUnit\Framework\TestResult))
#12 C:\Users\sholi\wp2\Sisteminformasibengkel\vendor\phpunit\phpunit\src\TextUI\Command.php(143): PHPUnit\TextUI\TestRunner->run(Object(PHPUnit\Framework\TestSuite), Array, Array, true)
#13 C:\Users\sholi\wp2\Sisteminformasibengkel\vendor\phpunit\phpunit\src\TextUI\Command.php(96): PHPUnit\TextUI\Command->run(Array, true)
#14 C:\Users\sholi\wp2\Sisteminformasibengkel\vendor\phpunit\phpunit\phpunit(98): PHPUnit\TextUI\Command::main()
#15 C:\Users\sholi\wp2\Sisteminformasibengkel\vendor\bin\phpunit(123): include('C:\\Users\\sholi\\...')
#16 {main}
ERROR - 2022-10-12 07:39:50 --> Error connecting to the database: Error: Class "SQLite3" not found in C:\Users\sholi\wp2\Sisteminformasibengkel\vendor\codeigniter4\framework\system\Database\SQLite3\Connection.php:74
Stack trace:
#0 C:\Users\sholi\wp2\Sisteminformasibengkel\vendor\codeigniter4\framework\system\Database\BaseConnection.php(382): CodeIgniter\Database\SQLite3\Connection->connect(false)
#1 C:\Users\sholi\wp2\Sisteminformasibengkel\vendor\codeigniter4\framework\system\Database\SQLite3\Connection.php(48): CodeIgniter\Database\BaseConnection->initialize()
#2 C:\Users\sholi\wp2\Sisteminformasibengkel\vendor\codeigniter4\framework\system\Test\DatabaseTestTrait.php(74): CodeIgniter\Database\SQLite3\Connection->initialize()
#3 C:\Users\sholi\wp2\Sisteminformasibengkel\vendor\codeigniter4\framework\system\Test\DatabaseTestTrait.php(54): ExampleDatabaseTest->loadDependencies()
#4 C:\Users\sholi\wp2\Sisteminformasibengkel\vendor\codeigniter4\framework\system\Test\CIUnitTestCase.php(247): ExampleDatabaseTest->setUpDatabase()
#5 C:\Users\sholi\wp2\Sisteminformasibengkel\vendor\phpunit\phpunit\src\Framework\TestCase.php(1144): CodeIgniter\Test\CIUnitTestCase->setUp()
#6 C:\Users\sholi\wp2\Sisteminformasibengkel\vendor\phpunit\phpunit\src\Framework\TestResult.php(726): PHPUnit\Framework\TestCase->runBare()
#7 C:\Users\sholi\wp2\Sisteminformasibengkel\vendor\phpunit\phpunit\src\Framework\TestCase.php(903): PHPUnit\Framework\TestResult->run(Object(ExampleDatabaseTest))
#8 C:\Users\sholi\wp2\Sisteminformasibengkel\vendor\phpunit\phpunit\src\Framework\TestSuite.php(672): PHPUnit\Framework\TestCase->run(Object(PHPUnit\Framework\TestResult))
#9 C:\Users\sholi\wp2\Sisteminformasibengkel\vendor\phpunit\phpunit\src\Framework\TestSuite.php(672): PHPUnit\Framework\TestSuite->run(Object(PHPUnit\Framework\TestResult))
#10 C:\Users\sholi\wp2\Sisteminformasibengkel\vendor\phpunit\phpunit\src\Framework\TestSuite.php(672): PHPUnit\Framework\TestSuite->run(Object(PHPUnit\Framework\TestResult))
#11 C:\Users\sholi\wp2\Sisteminformasibengkel\vendor\phpunit\phpunit\src\TextUI\TestRunner.php(673): PHPUnit\Framework\TestSuite->run(Object(PHPUnit\Framework\TestResult))
#12 C:\Users\sholi\wp2\Sisteminformasibengkel\vendor\phpunit\phpunit\src\TextUI\Command.php(143): PHPUnit\TextUI\TestRunner->run(Object(PHPUnit\Framework\TestSuite), Array, Array, true)
#13 C:\Users\sholi\wp2\Sisteminformasibengkel\vendor\phpunit\phpunit\src\TextUI\Command.php(96): PHPUnit\TextUI\Command->run(Array, true)
#14 C:\Users\sholi\wp2\Sisteminformasibengkel\vendor\phpunit\phpunit\phpunit(98): PHPUnit\TextUI\Command::main()
#15 C:\Users\sholi\wp2\Sisteminformasibengkel\vendor\bin\phpunit(123): include('C:\\Users\\sholi\\...')
#16 {main}
ERROR - 2022-10-12 07:40:40 --> Error connecting to the database: Error: Class "SQLite3" not found in C:\Users\sholi\wp2\Sisteminformasibengkel\vendor\codeigniter4\framework\system\Database\SQLite3\Connection.php:74
Stack trace:
#0 C:\Users\sholi\wp2\Sisteminformasibengkel\vendor\codeigniter4\framework\system\Database\BaseConnection.php(382): CodeIgniter\Database\SQLite3\Connection->connect(false)
#1 C:\Users\sholi\wp2\Sisteminformasibengkel\vendor\codeigniter4\framework\system\Database\SQLite3\Connection.php(48): CodeIgniter\Database\BaseConnection->initialize()
#2 C:\Users\sholi\wp2\Sisteminformasibengkel\vendor\codeigniter4\framework\system\Test\DatabaseTestTrait.php(74): CodeIgniter\Database\SQLite3\Connection->initialize()
#3 C:\Users\sholi\wp2\Sisteminformasibengkel\vendor\codeigniter4\framework\system\Test\DatabaseTestTrait.php(54): ExampleDatabaseTest->loadDependencies()
#4 C:\Users\sholi\wp2\Sisteminformasibengkel\vendor\codeigniter4\framework\system\Test\CIUnitTestCase.php(247): ExampleDatabaseTest->setUpDatabase()
#5 C:\Users\sholi\wp2\Sisteminformasibengkel\vendor\phpunit\phpunit\src\Framework\TestCase.php(1144): CodeIgniter\Test\CIUnitTestCase->setUp()
#6 C:\Users\sholi\wp2\Sisteminformasibengkel\vendor\phpunit\phpunit\src\Framework\TestResult.php(726): PHPUnit\Framework\TestCase->runBare()
#7 C:\Users\sholi\wp2\Sisteminformasibengkel\vendor\phpunit\phpunit\src\Framework\TestCase.php(903): PHPUnit\Framework\TestResult->run(Object(ExampleDatabaseTest))
#8 C:\Users\sholi\wp2\Sisteminformasibengkel\vendor\phpunit\phpunit\src\Framework\TestSuite.php(672): PHPUnit\Framework\TestCase->run(Object(PHPUnit\Framework\TestResult))
#9 C:\Users\sholi\wp2\Sisteminformasibengkel\vendor\phpunit\phpunit\src\Framework\TestSuite.php(672): PHPUnit\Framework\TestSuite->run(Object(PHPUnit\Framework\TestResult))
#10 C:\Users\sholi\wp2\Sisteminformasibengkel\vendor\phpunit\phpunit\src\Framework\TestSuite.php(672): PHPUnit\Framework\TestSuite->run(Object(PHPUnit\Framework\TestResult))
#11 C:\Users\sholi\wp2\Sisteminformasibengkel\vendor\phpunit\phpunit\src\TextUI\TestRunner.php(673): PHPUnit\Framework\TestSuite->run(Object(PHPUnit\Framework\TestResult))
#12 C:\Users\sholi\wp2\Sisteminformasibengkel\vendor\phpunit\phpunit\src\TextUI\Command.php(143): PHPUnit\TextUI\TestRunner->run(Object(PHPUnit\Framework\TestSuite), Array, Array, true)
#13 C:\Users\sholi\wp2\Sisteminformasibengkel\vendor\phpunit\phpunit\src\TextUI\Command.php(96): PHPUnit\TextUI\Command->run(Array, true)
#14 C:\Users\sholi\wp2\Sisteminformasibengkel\vendor\phpunit\phpunit\phpunit(98): PHPUnit\TextUI\Command::main()
#15 C:\Users\sholi\wp2\Sisteminformasibengkel\vendor\bin\phpunit(123): include('C:\\Users\\sholi\\...')
#16 {main}
ERROR - 2022-10-12 07:40:40 --> Error connecting to the database: Error: Class "SQLite3" not found in C:\Users\sholi\wp2\Sisteminformasibengkel\vendor\codeigniter4\framework\system\Database\SQLite3\Connection.php:74
Stack trace:
#0 C:\Users\sholi\wp2\Sisteminformasibengkel\vendor\codeigniter4\framework\system\Database\BaseConnection.php(382): CodeIgniter\Database\SQLite3\Connection->connect(false)
#1 C:\Users\sholi\wp2\Sisteminformasibengkel\vendor\codeigniter4\framework\system\Database\SQLite3\Connection.php(48): CodeIgniter\Database\BaseConnection->initialize()
#2 C:\Users\sholi\wp2\Sisteminformasibengkel\vendor\codeigniter4\framework\system\Test\DatabaseTestTrait.php(74): CodeIgniter\Database\SQLite3\Connection->initialize()
#3 C:\Users\sholi\wp2\Sisteminformasibengkel\vendor\codeigniter4\framework\system\Test\DatabaseTestTrait.php(54): ExampleDatabaseTest->loadDependencies()
#4 C:\Users\sholi\wp2\Sisteminformasibengkel\vendor\codeigniter4\framework\system\Test\CIUnitTestCase.php(247): ExampleDatabaseTest->setUpDatabase()
#5 C:\Users\sholi\wp2\Sisteminformasibengkel\vendor\phpunit\phpunit\src\Framework\TestCase.php(1144): CodeIgniter\Test\CIUnitTestCase->setUp()
#6 C:\Users\sholi\wp2\Sisteminformasibengkel\vendor\phpunit\phpunit\src\Framework\TestResult.php(726): PHPUnit\Framework\TestCase->runBare()
#7 C:\Users\sholi\wp2\Sisteminformasibengkel\vendor\phpunit\phpunit\src\Framework\TestCase.php(903): PHPUnit\Framework\TestResult->run(Object(ExampleDatabaseTest))
#8 C:\Users\sholi\wp2\Sisteminformasibengkel\vendor\phpunit\phpunit\src\Framework\TestSuite.php(672): PHPUnit\Framework\TestCase->run(Object(PHPUnit\Framework\TestResult))
#9 C:\Users\sholi\wp2\Sisteminformasibengkel\vendor\phpunit\phpunit\src\Framework\TestSuite.php(672): PHPUnit\Framework\TestSuite->run(Object(PHPUnit\Framework\TestResult))
#10 C:\Users\sholi\wp2\Sisteminformasibengkel\vendor\phpunit\phpunit\src\Framework\TestSuite.php(672): PHPUnit\Framework\TestSuite->run(Object(PHPUnit\Framework\TestResult))
#11 C:\Users\sholi\wp2\Sisteminformasibengkel\vendor\phpunit\phpunit\src\TextUI\TestRunner.php(673): PHPUnit\Framework\TestSuite->run(Object(PHPUnit\Framework\TestResult))
#12 C:\Users\sholi\wp2\Sisteminformasibengkel\vendor\phpunit\phpunit\src\TextUI\Command.php(143): PHPUnit\TextUI\TestRunner->run(Object(PHPUnit\Framework\TestSuite), Array, Array, true)
#13 C:\Users\sholi\wp2\Sisteminformasibengkel\vendor\phpunit\phpunit\src\TextUI\Command.php(96): PHPUnit\TextUI\Command->run(Array, true)
#14 C:\Users\sholi\wp2\Sisteminformasibengkel\vendor\phpunit\phpunit\phpunit(98): PHPUnit\TextUI\Command::main()
#15 C:\Users\sholi\wp2\Sisteminformasibengkel\vendor\bin\phpunit(123): include('C:\\Users\\sholi\\...')
#16 {main}
ERROR - 2022-10-12 08:18:25 --> Error connecting to the database: Error: Class "SQLite3" not found in C:\Users\sholi\wp2\Sisteminformasibengkel\vendor\codeigniter4\framework\system\Database\SQLite3\Connection.php:74
Stack trace:
#0 C:\Users\sholi\wp2\Sisteminformasibengkel\vendor\codeigniter4\framework\system\Database\BaseConnection.php(382): CodeIgniter\Database\SQLite3\Connection->connect(false)
#1 C:\Users\sholi\wp2\Sisteminformasibengkel\vendor\codeigniter4\framework\system\Database\SQLite3\Connection.php(48): CodeIgniter\Database\BaseConnection->initialize()
#2 C:\Users\sholi\wp2\Sisteminformasibengkel\vendor\codeigniter4\framework\system\Test\DatabaseTestTrait.php(74): CodeIgniter\Database\SQLite3\Connection->initialize()
#3 C:\Users\sholi\wp2\Sisteminformasibengkel\vendor\codeigniter4\framework\system\Test\DatabaseTestTrait.php(54): ExampleDatabaseTest->loadDependencies()
#4 C:\Users\sholi\wp2\Sisteminformasibengkel\vendor\codeigniter4\framework\system\Test\CIUnitTestCase.php(247): ExampleDatabaseTest->setUpDatabase()
#5 C:\Users\sholi\wp2\Sisteminformasibengkel\vendor\phpunit\phpunit\src\Framework\TestCase.php(1144): CodeIgniter\Test\CIUnitTestCase->setUp()
#6 C:\Users\sholi\wp2\Sisteminformasibengkel\vendor\phpunit\phpunit\src\Framework\TestResult.php(726): PHPUnit\Framework\TestCase->runBare()
#7 C:\Users\sholi\wp2\Sisteminformasibengkel\vendor\phpunit\phpunit\src\Framework\TestCase.php(903): PHPUnit\Framework\TestResult->run(Object(ExampleDatabaseTest))
#8 C:\Users\sholi\wp2\Sisteminformasibengkel\vendor\phpunit\phpunit\src\Framework\TestSuite.php(672): PHPUnit\Framework\TestCase->run(Object(PHPUnit\Framework\TestResult))
#9 C:\Users\sholi\wp2\Sisteminformasibengkel\vendor\phpunit\phpunit\src\Framework\TestSuite.php(672): PHPUnit\Framework\TestSuite->run(Object(PHPUnit\Framework\TestResult))
#10 C:\Users\sholi\wp2\Sisteminformasibengkel\vendor\phpunit\phpunit\src\Framework\TestSuite.php(672): PHPUnit\Framework\TestSuite->run(Object(PHPUnit\Framework\TestResult))
#11 C:\Users\sholi\wp2\Sisteminformasibengkel\vendor\phpunit\phpunit\src\TextUI\TestRunner.php(673): PHPUnit\Framework\TestSuite->run(Object(PHPUnit\Framework\TestResult))
#12 C:\Users\sholi\wp2\Sisteminformasibengkel\vendor\phpunit\phpunit\src\TextUI\Command.php(143): PHPUnit\TextUI\TestRunner->run(Object(PHPUnit\Framework\TestSuite), Array, Array, true)
#13 C:\Users\sholi\wp2\Sisteminformasibengkel\vendor\phpunit\phpunit\src\TextUI\Command.php(96): PHPUnit\TextUI\Command->run(Array, true)
#14 C:\Users\sholi\wp2\Sisteminformasibengkel\vendor\phpunit\phpunit\phpunit(98): PHPUnit\TextUI\Command::main()
#15 C:\Users\sholi\wp2\Sisteminformasibengkel\vendor\bin\phpunit(123): include('C:\\Users\\sholi\\...')
#16 {main}
ERROR - 2022-10-12 08:18:26 --> Error connecting to the database: Error: Class "SQLite3" not found in C:\Users\sholi\wp2\Sisteminformasibengkel\vendor\codeigniter4\framework\system\Database\SQLite3\Connection.php:74
Stack trace:
#0 C:\Users\sholi\wp2\Sisteminformasibengkel\vendor\codeigniter4\framework\system\Database\BaseConnection.php(382): CodeIgniter\Database\SQLite3\Connection->connect(false)
#1 C:\Users\sholi\wp2\Sisteminformasibengkel\vendor\codeigniter4\framework\system\Database\SQLite3\Connection.php(48): CodeIgniter\Database\BaseConnection->initialize()
#2 C:\Users\sholi\wp2\Sisteminformasibengkel\vendor\codeigniter4\framework\system\Test\DatabaseTestTrait.php(74): CodeIgniter\Database\SQLite3\Connection->initialize()
#3 C:\Users\sholi\wp2\Sisteminformasibengkel\vendor\codeigniter4\framework\system\Test\DatabaseTestTrait.php(54): ExampleDatabaseTest->loadDependencies()
#4 C:\Users\sholi\wp2\Sisteminformasibengkel\vendor\codeigniter4\framework\system\Test\CIUnitTestCase.php(247): ExampleDatabaseTest->setUpDatabase()
#5 C:\Users\sholi\wp2\Sisteminformasibengkel\vendor\phpunit\phpunit\src\Framework\TestCase.php(1144): CodeIgniter\Test\CIUnitTestCase->setUp()
#6 C:\Users\sholi\wp2\Sisteminformasibengkel\vendor\phpunit\phpunit\src\Framework\TestResult.php(726): PHPUnit\Framework\TestCase->runBare()
#7 C:\Users\sholi\wp2\Sisteminformasibengkel\vendor\phpunit\phpunit\src\Framework\TestCase.php(903): PHPUnit\Framework\TestResult->run(Object(ExampleDatabaseTest))
#8 C:\Users\sholi\wp2\Sisteminformasibengkel\vendor\phpunit\phpunit\src\Framework\TestSuite.php(672): PHPUnit\Framework\TestCase->run(Object(PHPUnit\Framework\TestResult))
#9 C:\Users\sholi\wp2\Sisteminformasibengkel\vendor\phpunit\phpunit\src\Framework\TestSuite.php(672): PHPUnit\Framework\TestSuite->run(Object(PHPUnit\Framework\TestResult))
#10 C:\Users\sholi\wp2\Sisteminformasibengkel\vendor\phpunit\phpunit\src\Framework\TestSuite.php(672): PHPUnit\Framework\TestSuite->run(Object(PHPUnit\Framework\TestResult))
#11 C:\Users\sholi\wp2\Sisteminformasibengkel\vendor\phpunit\phpunit\src\TextUI\TestRunner.php(673): PHPUnit\Framework\TestSuite->run(Object(PHPUnit\Framework\TestResult))
#12 C:\Users\sholi\wp2\Sisteminformasibengkel\vendor\phpunit\phpunit\src\TextUI\Command.php(143): PHPUnit\TextUI\TestRunner->run(Object(PHPUnit\Framework\TestSuite), Array, Array, true)
#13 C:\Users\sholi\wp2\Sisteminformasibengkel\vendor\phpunit\phpunit\src\TextUI\Command.php(96): PHPUnit\TextUI\Command->run(Array, true)
#14 C:\Users\sholi\wp2\Sisteminformasibengkel\vendor\phpunit\phpunit\phpunit(98): PHPUnit\TextUI\Command::main()
#15 C:\Users\sholi\wp2\Sisteminformasibengkel\vendor\bin\phpunit(123): include('C:\\Users\\sholi\\...')
#16 {main}
ERROR - 2022-10-12 08:18:28 --> Email: Unable to send email using PHP SMTP. Your server might not be configured to send mail using this method.
ERROR - 2022-10-12 08:18:28 --> 220 smtp.gmail.com ESMTP d19-20020a170903209300b00173411a4385sm10508888plc.43 - gsmtp

hello: 250-smtp.gmail.com at your service, [36.85.151.36]
250-SIZE 35882577
250-8BITMIME
250-AUTH LOGIN PLAIN XOAUTH2 PLAIN-CLIENTTOKEN OAUTHBEARER XOAUTH
250-ENHANCEDSTATUSCODES
250-PIPELINING
250-CHUNKING
250 SMTPUTF8

Failed to authenticate password. Error: 535-5.7.8 Username and Password not accepted. Learn more at
535 5.7.8  https://support.google.com/mail/?p=BadCredentials d19-20020a170903209300b00173411a4385sm10508888plc.43 - gsmtp

ERROR - 2022-10-12 08:37:00 --> Error connecting to the database: Error: Class "SQLite3" not found in C:\Users\sholi\wp2\Sisteminformasibengkel\vendor\codeigniter4\framework\system\Database\SQLite3\Connection.php:74
Stack trace:
#0 C:\Users\sholi\wp2\Sisteminformasibengkel\vendor\codeigniter4\framework\system\Database\BaseConnection.php(382): CodeIgniter\Database\SQLite3\Connection->connect(false)
#1 C:\Users\sholi\wp2\Sisteminformasibengkel\vendor\codeigniter4\framework\system\Database\SQLite3\Connection.php(48): CodeIgniter\Database\BaseConnection->initialize()
#2 C:\Users\sholi\wp2\Sisteminformasibengkel\vendor\codeigniter4\framework\system\Test\DatabaseTestTrait.php(74): CodeIgniter\Database\SQLite3\Connection->initialize()
#3 C:\Users\sholi\wp2\Sisteminformasibengkel\vendor\codeigniter4\framework\system\Test\DatabaseTestTrait.php(54): ExampleDatabaseTest->loadDependencies()
#4 C:\Users\sholi\wp2\Sisteminformasibengkel\vendor\codeigniter4\framework\system\Test\CIUnitTestCase.php(247): ExampleDatabaseTest->setUpDatabase()
#5 C:\Users\sholi\wp2\Sisteminformasibengkel\vendor\phpunit\phpunit\src\Framework\TestCase.php(1144): CodeIgniter\Test\CIUnitTestCase->setUp()
#6 C:\Users\sholi\wp2\Sisteminformasibengkel\vendor\phpunit\phpunit\src\Framework\TestResult.php(726): PHPUnit\Framework\TestCase->runBare()
#7 C:\Users\sholi\wp2\Sisteminformasibengkel\vendor\phpunit\phpunit\src\Framework\TestCase.php(903): PHPUnit\Framework\TestResult->run(Object(ExampleDatabaseTest))
#8 C:\Users\sholi\wp2\Sisteminformasibengkel\vendor\phpunit\phpunit\src\Framework\TestSuite.php(672): PHPUnit\Framework\TestCase->run(Object(PHPUnit\Framework\TestResult))
#9 C:\Users\sholi\wp2\Sisteminformasibengkel\vendor\phpunit\phpunit\src\Framework\TestSuite.php(672): PHPUnit\Framework\TestSuite->run(Object(PHPUnit\Framework\TestResult))
#10 C:\Users\sholi\wp2\Sisteminformasibengkel\vendor\phpunit\phpunit\src\Framework\TestSuite.php(672): PHPUnit\Framework\TestSuite->run(Object(PHPUnit\Framework\TestResult))
#11 C:\Users\sholi\wp2\Sisteminformasibengkel\vendor\phpunit\phpunit\src\TextUI\TestRunner.php(673): PHPUnit\Framework\TestSuite->run(Object(PHPUnit\Framework\TestResult))
#12 C:\Users\sholi\wp2\Sisteminformasibengkel\vendor\phpunit\phpunit\src\TextUI\Command.php(143): PHPUnit\TextUI\TestRunner->run(Object(PHPUnit\Framework\TestSuite), Array, Array, true)
#13 C:\Users\sholi\wp2\Sisteminformasibengkel\vendor\phpunit\phpunit\src\TextUI\Command.php(96): PHPUnit\TextUI\Command->run(Array, true)
#14 C:\Users\sholi\wp2\Sisteminformasibengkel\vendor\phpunit\phpunit\phpunit(98): PHPUnit\TextUI\Command::main()
#15 C:\Users\sholi\wp2\Sisteminformasibengkel\vendor\bin\phpunit(123): include('C:\\Users\\sholi\\...')
#16 {main}
ERROR - 2022-10-12 08:37:00 --> Error connecting to the database: Error: Class "SQLite3" not found in C:\Users\sholi\wp2\Sisteminformasibengkel\vendor\codeigniter4\framework\system\Database\SQLite3\Connection.php:74
Stack trace:
#0 C:\Users\sholi\wp2\Sisteminformasibengkel\vendor\codeigniter4\framework\system\Database\BaseConnection.php(382): CodeIgniter\Database\SQLite3\Connection->connect(false)
#1 C:\Users\sholi\wp2\Sisteminformasibengkel\vendor\codeigniter4\framework\system\Database\SQLite3\Connection.php(48): CodeIgniter\Database\BaseConnection->initialize()
#2 C:\Users\sholi\wp2\Sisteminformasibengkel\vendor\codeigniter4\framework\system\Test\DatabaseTestTrait.php(74): CodeIgniter\Database\SQLite3\Connection->initialize()
#3 C:\Users\sholi\wp2\Sisteminformasibengkel\vendor\codeigniter4\framework\system\Test\DatabaseTestTrait.php(54): ExampleDatabaseTest->loadDependencies()
#4 C:\Users\sholi\wp2\Sisteminformasibengkel\vendor\codeigniter4\framework\system\Test\CIUnitTestCase.php(247): ExampleDatabaseTest->setUpDatabase()
#5 C:\Users\sholi\wp2\Sisteminformasibengkel\vendor\phpunit\phpunit\src\Framework\TestCase.php(1144): CodeIgniter\Test\CIUnitTestCase->setUp()
#6 C:\Users\sholi\wp2\Sisteminformasibengkel\vendor\phpunit\phpunit\src\Framework\TestResult.php(726): PHPUnit\Framework\TestCase->runBare()
#7 C:\Users\sholi\wp2\Sisteminformasibengkel\vendor\phpunit\phpunit\src\Framework\TestCase.php(903): PHPUnit\Framework\TestResult->run(Object(ExampleDatabaseTest))
#8 C:\Users\sholi\wp2\Sisteminformasibengkel\vendor\phpunit\phpunit\src\Framework\TestSuite.php(672): PHPUnit\Framework\TestCase->run(Object(PHPUnit\Framework\TestResult))
#9 C:\Users\sholi\wp2\Sisteminformasibengkel\vendor\phpunit\phpunit\src\Framework\TestSuite.php(672): PHPUnit\Framework\TestSuite->run(Object(PHPUnit\Framework\TestResult))
#10 C:\Users\sholi\wp2\Sisteminformasibengkel\vendor\phpunit\phpunit\src\Framework\TestSuite.php(672): PHPUnit\Framework\TestSuite->run(Object(PHPUnit\Framework\TestResult))
#11 C:\Users\sholi\wp2\Sisteminformasibengkel\vendor\phpunit\phpunit\src\TextUI\TestRunner.php(673): PHPUnit\Framework\TestSuite->run(Object(PHPUnit\Framework\TestResult))
#12 C:\Users\sholi\wp2\Sisteminformasibengkel\vendor\phpunit\phpunit\src\TextUI\Command.php(143): PHPUnit\TextUI\TestRunner->run(Object(PHPUnit\Framework\TestSuite), Array, Array, true)
#13 C:\Users\sholi\wp2\Sisteminformasibengkel\vendor\phpunit\phpunit\src\TextUI\Command.php(96): PHPUnit\TextUI\Command->run(Array, true)
#14 C:\Users\sholi\wp2\Sisteminformasibengkel\vendor\phpunit\phpunit\phpunit(98): PHPUnit\TextUI\Command::main()
#15 C:\Users\sholi\wp2\Sisteminformasibengkel\vendor\bin\phpunit(123): include('C:\\Users\\sholi\\...')
#16 {main}
ERROR - 2022-10-12 08:43:09 --> Error connecting to the database: Error: Class "SQLite3" not found in C:\Users\sholi\wp2\Sisteminformasibengkel\vendor\codeigniter4\framework\system\Database\SQLite3\Connection.php:74
Stack trace:
#0 C:\Users\sholi\wp2\Sisteminformasibengkel\vendor\codeigniter4\framework\system\Database\BaseConnection.php(382): CodeIgniter\Database\SQLite3\Connection->connect(false)
#1 C:\Users\sholi\wp2\Sisteminformasibengkel\vendor\codeigniter4\framework\system\Database\SQLite3\Connection.php(48): CodeIgniter\Database\BaseConnection->initialize()
#2 C:\Users\sholi\wp2\Sisteminformasibengkel\vendor\codeigniter4\framework\system\Test\DatabaseTestTrait.php(74): CodeIgniter\Database\SQLite3\Connection->initialize()
#3 C:\Users\sholi\wp2\Sisteminformasibengkel\vendor\codeigniter4\framework\system\Test\DatabaseTestTrait.php(54): ExampleDatabaseTest->loadDependencies()
#4 C:\Users\sholi\wp2\Sisteminformasibengkel\vendor\codeigniter4\framework\system\Test\CIUnitTestCase.php(247): ExampleDatabaseTest->setUpDatabase()
#5 C:\Users\sholi\wp2\Sisteminformasibengkel\vendor\phpunit\phpunit\src\Framework\TestCase.php(1144): CodeIgniter\Test\CIUnitTestCase->setUp()
#6 C:\Users\sholi\wp2\Sisteminformasibengkel\vendor\phpunit\phpunit\src\Framework\TestResult.php(726): PHPUnit\Framework\TestCase->runBare()
#7 C:\Users\sholi\wp2\Sisteminformasibengkel\vendor\phpunit\phpunit\src\Framework\TestCase.php(903): PHPUnit\Framework\TestResult->run(Object(ExampleDatabaseTest))
#8 C:\Users\sholi\wp2\Sisteminformasibengkel\vendor\phpunit\phpunit\src\Framework\TestSuite.php(672): PHPUnit\Framework\TestCase->run(Object(PHPUnit\Framework\TestResult))
#9 C:\Users\sholi\wp2\Sisteminformasibengkel\vendor\phpunit\phpunit\src\Framework\TestSuite.php(672): PHPUnit\Framework\TestSuite->run(Object(PHPUnit\Framework\TestResult))
#10 C:\Users\sholi\wp2\Sisteminformasibengkel\vendor\phpunit\phpunit\src\Framework\TestSuite.php(672): PHPUnit\Framework\TestSuite->run(Object(PHPUnit\Framework\TestResult))
#11 C:\Users\sholi\wp2\Sisteminformasibengkel\vendor\phpunit\phpunit\src\TextUI\TestRunner.php(673): PHPUnit\Framework\TestSuite->run(Object(PHPUnit\Framework\TestResult))
#12 C:\Users\sholi\wp2\Sisteminformasibengkel\vendor\phpunit\phpunit\src\TextUI\Command.php(143): PHPUnit\TextUI\TestRunner->run(Object(PHPUnit\Framework\TestSuite), Array, Array, true)
#13 C:\Users\sholi\wp2\Sisteminformasibengkel\vendor\phpunit\phpunit\src\TextUI\Command.php(96): PHPUnit\TextUI\Command->run(Array, true)
#14 C:\Users\sholi\wp2\Sisteminformasibengkel\vendor\phpunit\phpunit\phpunit(98): PHPUnit\TextUI\Command::main()
#15 C:\Users\sholi\wp2\Sisteminformasibengkel\vendor\bin\phpunit(123): include('C:\\Users\\sholi\\...')
#16 {main}
ERROR - 2022-10-12 08:43:09 --> Error connecting to the database: Error: Class "SQLite3" not found in C:\Users\sholi\wp2\Sisteminformasibengkel\vendor\codeigniter4\framework\system\Database\SQLite3\Connection.php:74
Stack trace:
#0 C:\Users\sholi\wp2\Sisteminformasibengkel\vendor\codeigniter4\framework\system\Database\BaseConnection.php(382): CodeIgniter\Database\SQLite3\Connection->connect(false)
#1 C:\Users\sholi\wp2\Sisteminformasibengkel\vendor\codeigniter4\framework\system\Database\SQLite3\Connection.php(48): CodeIgniter\Database\BaseConnection->initialize()
#2 C:\Users\sholi\wp2\Sisteminformasibengkel\vendor\codeigniter4\framework\system\Test\DatabaseTestTrait.php(74): CodeIgniter\Database\SQLite3\Connection->initialize()
#3 C:\Users\sholi\wp2\Sisteminformasibengkel\vendor\codeigniter4\framework\system\Test\DatabaseTestTrait.php(54): ExampleDatabaseTest->loadDependencies()
#4 C:\Users\sholi\wp2\Sisteminformasibengkel\vendor\codeigniter4\framework\system\Test\CIUnitTestCase.php(247): ExampleDatabaseTest->setUpDatabase()
#5 C:\Users\sholi\wp2\Sisteminformasibengkel\vendor\phpunit\phpunit\src\Framework\TestCase.php(1144): CodeIgniter\Test\CIUnitTestCase->setUp()
#6 C:\Users\sholi\wp2\Sisteminformasibengkel\vendor\phpunit\phpunit\src\Framework\TestResult.php(726): PHPUnit\Framework\TestCase->runBare()
#7 C:\Users\sholi\wp2\Sisteminformasibengkel\vendor\phpunit\phpunit\src\Framework\TestCase.php(903): PHPUnit\Framework\TestResult->run(Object(ExampleDatabaseTest))
#8 C:\Users\sholi\wp2\Sisteminformasibengkel\vendor\phpunit\phpunit\src\Framework\TestSuite.php(672): PHPUnit\Framework\TestCase->run(Object(PHPUnit\Framework\TestResult))
#9 C:\Users\sholi\wp2\Sisteminformasibengkel\vendor\phpunit\phpunit\src\Framework\TestSuite.php(672): PHPUnit\Framework\TestSuite->run(Object(PHPUnit\Framework\TestResult))
#10 C:\Users\sholi\wp2\Sisteminformasibengkel\vendor\phpunit\phpunit\src\Framework\TestSuite.php(672): PHPUnit\Framework\TestSuite->run(Object(PHPUnit\Framework\TestResult))
#11 C:\Users\sholi\wp2\Sisteminformasibengkel\vendor\phpunit\phpunit\src\TextUI\TestRunner.php(673): PHPUnit\Framework\TestSuite->run(Object(PHPUnit\Framework\TestResult))
#12 C:\Users\sholi\wp2\Sisteminformasibengkel\vendor\phpunit\phpunit\src\TextUI\Command.php(143): PHPUnit\TextUI\TestRunner->run(Object(PHPUnit\Framework\TestSuite), Array, Array, true)
#13 C:\Users\sholi\wp2\Sisteminformasibengkel\vendor\phpunit\phpunit\src\TextUI\Command.php(96): PHPUnit\TextUI\Command->run(Array, true)
#14 C:\Users\sholi\wp2\Sisteminformasibengkel\vendor\phpunit\phpunit\phpunit(98): PHPUnit\TextUI\Command::main()
#15 C:\Users\sholi\wp2\Sisteminformasibengkel\vendor\bin\phpunit(123): include('C:\\Users\\sholi\\...')
#16 {main}
ERROR - 2022-10-12 08:44:01 --> Error connecting to the database: Error: Class "SQLite3" not found in C:\Users\sholi\wp2\Sisteminformasibengkel\vendor\codeigniter4\framework\system\Database\SQLite3\Connection.php:74
Stack trace:
#0 C:\Users\sholi\wp2\Sisteminformasibengkel\vendor\codeigniter4\framework\system\Database\BaseConnection.php(382): CodeIgniter\Database\SQLite3\Connection->connect(false)
#1 C:\Users\sholi\wp2\Sisteminformasibengkel\vendor\codeigniter4\framework\system\Database\SQLite3\Connection.php(48): CodeIgniter\Database\BaseConnection->initialize()
#2 C:\Users\sholi\wp2\Sisteminformasibengkel\vendor\codeigniter4\framework\system\Test\DatabaseTestTrait.php(74): CodeIgniter\Database\SQLite3\Connection->initialize()
#3 C:\Users\sholi\wp2\Sisteminformasibengkel\vendor\codeigniter4\framework\system\Test\DatabaseTestTrait.php(54): ExampleDatabaseTest->loadDependencies()
#4 C:\Users\sholi\wp2\Sisteminformasibengkel\vendor\codeigniter4\framework\system\Test\CIUnitTestCase.php(247): ExampleDatabaseTest->setUpDatabase()
#5 C:\Users\sholi\wp2\Sisteminformasibengkel\vendor\phpunit\phpunit\src\Framework\TestCase.php(1144): CodeIgniter\Test\CIUnitTestCase->setUp()
#6 C:\Users\sholi\wp2\Sisteminformasibengkel\vendor\phpunit\phpunit\src\Framework\TestResult.php(726): PHPUnit\Framework\TestCase->runBare()
#7 C:\Users\sholi\wp2\Sisteminformasibengkel\vendor\phpunit\phpunit\src\Framework\TestCase.php(903): PHPUnit\Framework\TestResult->run(Object(ExampleDatabaseTest))
#8 C:\Users\sholi\wp2\Sisteminformasibengkel\vendor\phpunit\phpunit\src\Framework\TestSuite.php(672): PHPUnit\Framework\TestCase->run(Object(PHPUnit\Framework\TestResult))
#9 C:\Users\sholi\wp2\Sisteminformasibengkel\vendor\phpunit\phpunit\src\Framework\TestSuite.php(672): PHPUnit\Framework\TestSuite->run(Object(PHPUnit\Framework\TestResult))
#10 C:\Users\sholi\wp2\Sisteminformasibengkel\vendor\phpunit\phpunit\src\Framework\TestSuite.php(672): PHPUnit\Framework\TestSuite->run(Object(PHPUnit\Framework\TestResult))
#11 C:\Users\sholi\wp2\Sisteminformasibengkel\vendor\phpunit\phpunit\src\TextUI\TestRunner.php(673): PHPUnit\Framework\TestSuite->run(Object(PHPUnit\Framework\TestResult))
#12 C:\Users\sholi\wp2\Sisteminformasibengkel\vendor\phpunit\phpunit\src\TextUI\Command.php(143): PHPUnit\TextUI\TestRunner->run(Object(PHPUnit\Framework\TestSuite), Array, Array, true)
#13 C:\Users\sholi\wp2\Sisteminformasibengkel\vendor\phpunit\phpunit\src\TextUI\Command.php(96): PHPUnit\TextUI\Command->run(Array, true)
#14 C:\Users\sholi\wp2\Sisteminformasibengkel\vendor\phpunit\phpunit\phpunit(98): PHPUnit\TextUI\Command::main()
#15 C:\Users\sholi\wp2\Sisteminformasibengkel\vendor\bin\phpunit(123): include('C:\\Users\\sholi\\...')
#16 {main}
ERROR - 2022-10-12 08:44:01 --> Error connecting to the database: Error: Class "SQLite3" not found in C:\Users\sholi\wp2\Sisteminformasibengkel\vendor\codeigniter4\framework\system\Database\SQLite3\Connection.php:74
Stack trace:
#0 C:\Users\sholi\wp2\Sisteminformasibengkel\vendor\codeigniter4\framework\system\Database\BaseConnection.php(382): CodeIgniter\Database\SQLite3\Connection->connect(false)
#1 C:\Users\sholi\wp2\Sisteminformasibengkel\vendor\codeigniter4\framework\system\Database\SQLite3\Connection.php(48): CodeIgniter\Database\BaseConnection->initialize()
#2 C:\Users\sholi\wp2\Sisteminformasibengkel\vendor\codeigniter4\framework\system\Test\DatabaseTestTrait.php(74): CodeIgniter\Database\SQLite3\Connection->initialize()
#3 C:\Users\sholi\wp2\Sisteminformasibengkel\vendor\codeigniter4\framework\system\Test\DatabaseTestTrait.php(54): ExampleDatabaseTest->loadDependencies()
#4 C:\Users\sholi\wp2\Sisteminformasibengkel\vendor\codeigniter4\framework\system\Test\CIUnitTestCase.php(247): ExampleDatabaseTest->setUpDatabase()
#5 C:\Users\sholi\wp2\Sisteminformasibengkel\vendor\phpunit\phpunit\src\Framework\TestCase.php(1144): CodeIgniter\Test\CIUnitTestCase->setUp()
#6 C:\Users\sholi\wp2\Sisteminformasibengkel\vendor\phpunit\phpunit\src\Framework\TestResult.php(726): PHPUnit\Framework\TestCase->runBare()
#7 C:\Users\sholi\wp2\Sisteminformasibengkel\vendor\phpunit\phpunit\src\Framework\TestCase.php(903): PHPUnit\Framework\TestResult->run(Object(ExampleDatabaseTest))
#8 C:\Users\sholi\wp2\Sisteminformasibengkel\vendor\phpunit\phpunit\src\Framework\TestSuite.php(672): PHPUnit\Framework\TestCase->run(Object(PHPUnit\Framework\TestResult))
#9 C:\Users\sholi\wp2\Sisteminformasibengkel\vendor\phpunit\phpunit\src\Framework\TestSuite.php(672): PHPUnit\Framework\TestSuite->run(Object(PHPUnit\Framework\TestResult))
#10 C:\Users\sholi\wp2\Sisteminformasibengkel\vendor\phpunit\phpunit\src\Framework\TestSuite.php(672): PHPUnit\Framework\TestSuite->run(Object(PHPUnit\Framework\TestResult))
#11 C:\Users\sholi\wp2\Sisteminformasibengkel\vendor\phpunit\phpunit\src\TextUI\TestRunner.php(673): PHPUnit\Framework\TestSuite->run(Object(PHPUnit\Framework\TestResult))
#12 C:\Users\sholi\wp2\Sisteminformasibengkel\vendor\phpunit\phpunit\src\TextUI\Command.php(143): PHPUnit\TextUI\TestRunner->run(Object(PHPUnit\Framework\TestSuite), Array, Array, true)
#13 C:\Users\sholi\wp2\Sisteminformasibengkel\vendor\phpunit\phpunit\src\TextUI\Command.php(96): PHPUnit\TextUI\Command->run(Array, true)
#14 C:\Users\sholi\wp2\Sisteminformasibengkel\vendor\phpunit\phpunit\phpunit(98): PHPUnit\TextUI\Command::main()
#15 C:\Users\sholi\wp2\Sisteminformasibengkel\vendor\bin\phpunit(123): include('C:\\Users\\sholi\\...')
#16 {main}
ERROR - 2022-10-12 08:53:52 --> Error connecting to the database: Error: Class "SQLite3" not found in C:\Users\sholi\wp2\Sisteminformasibengkel\vendor\codeigniter4\framework\system\Database\SQLite3\Connection.php:74
Stack trace:
#0 C:\Users\sholi\wp2\Sisteminformasibengkel\vendor\codeigniter4\framework\system\Database\BaseConnection.php(382): CodeIgniter\Database\SQLite3\Connection->connect(false)
#1 C:\Users\sholi\wp2\Sisteminformasibengkel\vendor\codeigniter4\framework\system\Database\SQLite3\Connection.php(48): CodeIgniter\Database\BaseConnection->initialize()
#2 C:\Users\sholi\wp2\Sisteminformasibengkel\vendor\codeigniter4\framework\system\Test\DatabaseTestTrait.php(74): CodeIgniter\Database\SQLite3\Connection->initialize()
#3 C:\Users\sholi\wp2\Sisteminformasibengkel\vendor\codeigniter4\framework\system\Test\DatabaseTestTrait.php(54): ExampleDatabaseTest->loadDependencies()
#4 C:\Users\sholi\wp2\Sisteminformasibengkel\vendor\codeigniter4\framework\system\Test\CIUnitTestCase.php(247): ExampleDatabaseTest->setUpDatabase()
#5 C:\Users\sholi\wp2\Sisteminformasibengkel\vendor\phpunit\phpunit\src\Framework\TestCase.php(1144): CodeIgniter\Test\CIUnitTestCase->setUp()
#6 C:\Users\sholi\wp2\Sisteminformasibengkel\vendor\phpunit\phpunit\src\Framework\TestResult.php(726): PHPUnit\Framework\TestCase->runBare()
#7 C:\Users\sholi\wp2\Sisteminformasibengkel\vendor\phpunit\phpunit\src\Framework\TestCase.php(903): PHPUnit\Framework\TestResult->run(Object(ExampleDatabaseTest))
#8 C:\Users\sholi\wp2\Sisteminformasibengkel\vendor\phpunit\phpunit\src\Framework\TestSuite.php(672): PHPUnit\Framework\TestCase->run(Object(PHPUnit\Framework\TestResult))
#9 C:\Users\sholi\wp2\Sisteminformasibengkel\vendor\phpunit\phpunit\src\Framework\TestSuite.php(672): PHPUnit\Framework\TestSuite->run(Object(PHPUnit\Framework\TestResult))
#10 C:\Users\sholi\wp2\Sisteminformasibengkel\vendor\phpunit\phpunit\src\Framework\TestSuite.php(672): PHPUnit\Framework\TestSuite->run(Object(PHPUnit\Framework\TestResult))
#11 C:\Users\sholi\wp2\Sisteminformasibengkel\vendor\phpunit\phpunit\src\TextUI\TestRunner.php(673): PHPUnit\Framework\TestSuite->run(Object(PHPUnit\Framework\TestResult))
#12 C:\Users\sholi\wp2\Sisteminformasibengkel\vendor\phpunit\phpunit\src\TextUI\Command.php(143): PHPUnit\TextUI\TestRunner->run(Object(PHPUnit\Framework\TestSuite), Array, Array, true)
#13 C:\Users\sholi\wp2\Sisteminformasibengkel\vendor\phpunit\phpunit\src\TextUI\Command.php(96): PHPUnit\TextUI\Command->run(Array, true)
#14 C:\Users\sholi\wp2\Sisteminformasibengkel\vendor\phpunit\phpunit\phpunit(98): PHPUnit\TextUI\Command::main()
#15 C:\Users\sholi\wp2\Sisteminformasibengkel\vendor\bin\phpunit(123): include('C:\\Users\\sholi\\...')
#16 {main}
ERROR - 2022-10-12 08:53:52 --> Error connecting to the database: Error: Class "SQLite3" not found in C:\Users\sholi\wp2\Sisteminformasibengkel\vendor\codeigniter4\framework\system\Database\SQLite3\Connection.php:74
Stack trace:
#0 C:\Users\sholi\wp2\Sisteminformasibengkel\vendor\codeigniter4\framework\system\Database\BaseConnection.php(382): CodeIgniter\Database\SQLite3\Connection->connect(false)
#1 C:\Users\sholi\wp2\Sisteminformasibengkel\vendor\codeigniter4\framework\system\Database\SQLite3\Connection.php(48): CodeIgniter\Database\BaseConnection->initialize()
#2 C:\Users\sholi\wp2\Sisteminformasibengkel\vendor\codeigniter4\framework\system\Test\DatabaseTestTrait.php(74): CodeIgniter\Database\SQLite3\Connection->initialize()
#3 C:\Users\sholi\wp2\Sisteminformasibengkel\vendor\codeigniter4\framework\system\Test\DatabaseTestTrait.php(54): ExampleDatabaseTest->loadDependencies()
#4 C:\Users\sholi\wp2\Sisteminformasibengkel\vendor\codeigniter4\framework\system\Test\CIUnitTestCase.php(247): ExampleDatabaseTest->setUpDatabase()
#5 C:\Users\sholi\wp2\Sisteminformasibengkel\vendor\phpunit\phpunit\src\Framework\TestCase.php(1144): CodeIgniter\Test\CIUnitTestCase->setUp()
#6 C:\Users\sholi\wp2\Sisteminformasibengkel\vendor\phpunit\phpunit\src\Framework\TestResult.php(726): PHPUnit\Framework\TestCase->runBare()
#7 C:\Users\sholi\wp2\Sisteminformasibengkel\vendor\phpunit\phpunit\src\Framework\TestCase.php(903): PHPUnit\Framework\TestResult->run(Object(ExampleDatabaseTest))
#8 C:\Users\sholi\wp2\Sisteminformasibengkel\vendor\phpunit\phpunit\src\Framework\TestSuite.php(672): PHPUnit\Framework\TestCase->run(Object(PHPUnit\Framework\TestResult))
#9 C:\Users\sholi\wp2\Sisteminformasibengkel\vendor\phpunit\phpunit\src\Framework\TestSuite.php(672): PHPUnit\Framework\TestSuite->run(Object(PHPUnit\Framework\TestResult))
#10 C:\Users\sholi\wp2\Sisteminformasibengkel\vendor\phpunit\phpunit\src\Framework\TestSuite.php(672): PHPUnit\Framework\TestSuite->run(Object(PHPUnit\Framework\TestResult))
#11 C:\Users\sholi\wp2\Sisteminformasibengkel\vendor\phpunit\phpunit\src\TextUI\TestRunner.php(673): PHPUnit\Framework\TestSuite->run(Object(PHPUnit\Framework\TestResult))
#12 C:\Users\sholi\wp2\Sisteminformasibengkel\vendor\phpunit\phpunit\src\TextUI\Command.php(143): PHPUnit\TextUI\TestRunner->run(Object(PHPUnit\Framework\TestSuite), Array, Array, true)
#13 C:\Users\sholi\wp2\Sisteminformasibengkel\vendor\phpunit\phpunit\src\TextUI\Command.php(96): PHPUnit\TextUI\Command->run(Array, true)
#14 C:\Users\sholi\wp2\Sisteminformasibengkel\vendor\phpunit\phpunit\phpunit(98): PHPUnit\TextUI\Command::main()
#15 C:\Users\sholi\wp2\Sisteminformasibengkel\vendor\bin\phpunit(123): include('C:\\Users\\sholi\\...')
#16 {main}
ERROR - 2022-10-12 08:54:17 --> Error connecting to the database: Error: Class "SQLite3" not found in C:\Users\sholi\wp2\Sisteminformasibengkel\vendor\codeigniter4\framework\system\Database\SQLite3\Connection.php:74
Stack trace:
#0 C:\Users\sholi\wp2\Sisteminformasibengkel\vendor\codeigniter4\framework\system\Database\BaseConnection.php(382): CodeIgniter\Database\SQLite3\Connection->connect(false)
#1 C:\Users\sholi\wp2\Sisteminformasibengkel\vendor\codeigniter4\framework\system\Database\SQLite3\Connection.php(48): CodeIgniter\Database\BaseConnection->initialize()
#2 C:\Users\sholi\wp2\Sisteminformasibengkel\vendor\codeigniter4\framework\system\Test\DatabaseTestTrait.php(74): CodeIgniter\Database\SQLite3\Connection->initialize()
#3 C:\Users\sholi\wp2\Sisteminformasibengkel\vendor\codeigniter4\framework\system\Test\DatabaseTestTrait.php(54): ExampleDatabaseTest->loadDependencies()
#4 C:\Users\sholi\wp2\Sisteminformasibengkel\vendor\codeigniter4\framework\system\Test\CIUnitTestCase.php(247): ExampleDatabaseTest->setUpDatabase()
#5 C:\Users\sholi\wp2\Sisteminformasibengkel\vendor\phpunit\phpunit\src\Framework\TestCase.php(1144): CodeIgniter\Test\CIUnitTestCase->setUp()
#6 C:\Users\sholi\wp2\Sisteminformasibengkel\vendor\phpunit\phpunit\src\Framework\TestResult.php(726): PHPUnit\Framework\TestCase->runBare()
#7 C:\Users\sholi\wp2\Sisteminformasibengkel\vendor\phpunit\phpunit\src\Framework\TestCase.php(903): PHPUnit\Framework\TestResult->run(Object(ExampleDatabaseTest))
#8 C:\Users\sholi\wp2\Sisteminformasibengkel\vendor\phpunit\phpunit\src\Framework\TestSuite.php(672): PHPUnit\Framework\TestCase->run(Object(PHPUnit\Framework\TestResult))
#9 C:\Users\sholi\wp2\Sisteminformasibengkel\vendor\phpunit\phpunit\src\Framework\TestSuite.php(672): PHPUnit\Framework\TestSuite->run(Object(PHPUnit\Framework\TestResult))
#10 C:\Users\sholi\wp2\Sisteminformasibengkel\vendor\phpunit\phpunit\src\Framework\TestSuite.php(672): PHPUnit\Framework\TestSuite->run(Object(PHPUnit\Framework\TestResult))
#11 C:\Users\sholi\wp2\Sisteminformasibengkel\vendor\phpunit\phpunit\src\TextUI\TestRunner.php(673): PHPUnit\Framework\TestSuite->run(Object(PHPUnit\Framework\TestResult))
#12 C:\Users\sholi\wp2\Sisteminformasibengkel\vendor\phpunit\phpunit\src\TextUI\Command.php(143): PHPUnit\TextUI\TestRunner->run(Object(PHPUnit\Framework\TestSuite), Array, Array, true)
#13 C:\Users\sholi\wp2\Sisteminformasibengkel\vendor\phpunit\phpunit\src\TextUI\Command.php(96): PHPUnit\TextUI\Command->run(Array, true)
#14 C:\Users\sholi\wp2\Sisteminformasibengkel\vendor\phpunit\phpunit\phpunit(98): PHPUnit\TextUI\Command::main()
#15 C:\Users\sholi\wp2\Sisteminformasibengkel\vendor\bin\phpunit(123): include('C:\\Users\\sholi\\...')
#16 {main}
ERROR - 2022-10-12 08:54:17 --> Error connecting to the database: Error: Class "SQLite3" not found in C:\Users\sholi\wp2\Sisteminformasibengkel\vendor\codeigniter4\framework\system\Database\SQLite3\Connection.php:74
Stack trace:
#0 C:\Users\sholi\wp2\Sisteminformasibengkel\vendor\codeigniter4\framework\system\Database\BaseConnection.php(382): CodeIgniter\Database\SQLite3\Connection->connect(false)
#1 C:\Users\sholi\wp2\Sisteminformasibengkel\vendor\codeigniter4\framework\system\Database\SQLite3\Connection.php(48): CodeIgniter\Database\BaseConnection->initialize()
#2 C:\Users\sholi\wp2\Sisteminformasibengkel\vendor\codeigniter4\framework\system\Test\DatabaseTestTrait.php(74): CodeIgniter\Database\SQLite3\Connection->initialize()
#3 C:\Users\sholi\wp2\Sisteminformasibengkel\vendor\codeigniter4\framework\system\Test\DatabaseTestTrait.php(54): ExampleDatabaseTest->loadDependencies()
#4 C:\Users\sholi\wp2\Sisteminformasibengkel\vendor\codeigniter4\framework\system\Test\CIUnitTestCase.php(247): ExampleDatabaseTest->setUpDatabase()
#5 C:\Users\sholi\wp2\Sisteminformasibengkel\vendor\phpunit\phpunit\src\Framework\TestCase.php(1144): CodeIgniter\Test\CIUnitTestCase->setUp()
#6 C:\Users\sholi\wp2\Sisteminformasibengkel\vendor\phpunit\phpunit\src\Framework\TestResult.php(726): PHPUnit\Framework\TestCase->runBare()
#7 C:\Users\sholi\wp2\Sisteminformasibengkel\vendor\phpunit\phpunit\src\Framework\TestCase.php(903): PHPUnit\Framework\TestResult->run(Object(ExampleDatabaseTest))
#8 C:\Users\sholi\wp2\Sisteminformasibengkel\vendor\phpunit\phpunit\src\Framework\TestSuite.php(672): PHPUnit\Framework\TestCase->run(Object(PHPUnit\Framework\TestResult))
#9 C:\Users\sholi\wp2\Sisteminformasibengkel\vendor\phpunit\phpunit\src\Framework\TestSuite.php(672): PHPUnit\Framework\TestSuite->run(Object(PHPUnit\Framework\TestResult))
#10 C:\Users\sholi\wp2\Sisteminformasibengkel\vendor\phpunit\phpunit\src\Framework\TestSuite.php(672): PHPUnit\Framework\TestSuite->run(Object(PHPUnit\Framework\TestResult))
#11 C:\Users\sholi\wp2\Sisteminformasibengkel\vendor\phpunit\phpunit\src\TextUI\TestRunner.php(673): PHPUnit\Framework\TestSuite->run(Object(PHPUnit\Framework\TestResult))
#12 C:\Users\sholi\wp2\Sisteminformasibengkel\vendor\phpunit\phpunit\src\TextUI\Command.php(143): PHPUnit\TextUI\TestRunner->run(Object(PHPUnit\Framework\TestSuite), Array, Array, true)
#13 C:\Users\sholi\wp2\Sisteminformasibengkel\vendor\phpunit\phpunit\src\TextUI\Command.php(96): PHPUnit\TextUI\Command->run(Array, true)
#14 C:\Users\sholi\wp2\Sisteminformasibengkel\vendor\phpunit\phpunit\phpunit(98): PHPUnit\TextUI\Command::main()
#15 C:\Users\sholi\wp2\Sisteminformasibengkel\vendor\bin\phpunit(123): include('C:\\Users\\sholi\\...')
#16 {main}
ERROR - 2022-10-12 09:02:13 --> Error connecting to the database: Error: Class "SQLite3" not found in C:\Users\sholi\wp2\Sisteminformasibengkel\vendor\codeigniter4\framework\system\Database\SQLite3\Connection.php:74
Stack trace:
#0 C:\Users\sholi\wp2\Sisteminformasibengkel\vendor\codeigniter4\framework\system\Database\BaseConnection.php(382): CodeIgniter\Database\SQLite3\Connection->connect(false)
#1 C:\Users\sholi\wp2\Sisteminformasibengkel\vendor\codeigniter4\framework\system\Database\SQLite3\Connection.php(48): CodeIgniter\Database\BaseConnection->initialize()
#2 C:\Users\sholi\wp2\Sisteminformasibengkel\vendor\codeigniter4\framework\system\Test\DatabaseTestTrait.php(74): CodeIgniter\Database\SQLite3\Connection->initialize()
#3 C:\Users\sholi\wp2\Sisteminformasibengkel\vendor\codeigniter4\framework\system\Test\DatabaseTestTrait.php(54): ExampleDatabaseTest->loadDependencies()
#4 C:\Users\sholi\wp2\Sisteminformasibengkel\vendor\codeigniter4\framework\system\Test\CIUnitTestCase.php(247): ExampleDatabaseTest->setUpDatabase()
#5 C:\Users\sholi\wp2\Sisteminformasibengkel\vendor\phpunit\phpunit\src\Framework\TestCase.php(1144): CodeIgniter\Test\CIUnitTestCase->setUp()
#6 C:\Users\sholi\wp2\Sisteminformasibengkel\vendor\phpunit\phpunit\src\Framework\TestResult.php(726): PHPUnit\Framework\TestCase->runBare()
#7 C:\Users\sholi\wp2\Sisteminformasibengkel\vendor\phpunit\phpunit\src\Framework\TestCase.php(903): PHPUnit\Framework\TestResult->run(Object(ExampleDatabaseTest))
#8 C:\Users\sholi\wp2\Sisteminformasibengkel\vendor\phpunit\phpunit\src\Framework\TestSuite.php(672): PHPUnit\Framework\TestCase->run(Object(PHPUnit\Framework\TestResult))
#9 C:\Users\sholi\wp2\Sisteminformasibengkel\vendor\phpunit\phpunit\src\Framework\TestSuite.php(672): PHPUnit\Framework\TestSuite->run(Object(PHPUnit\Framework\TestResult))
#10 C:\Users\sholi\wp2\Sisteminformasibengkel\vendor\phpunit\phpunit\src\Framework\TestSuite.php(672): PHPUnit\Framework\TestSuite->run(Object(PHPUnit\Framework\TestResult))
#11 C:\Users\sholi\wp2\Sisteminformasibengkel\vendor\phpunit\phpunit\src\TextUI\TestRunner.php(673): PHPUnit\Framework\TestSuite->run(Object(PHPUnit\Framework\TestResult))
#12 C:\Users\sholi\wp2\Sisteminformasibengkel\vendor\phpunit\phpunit\src\TextUI\Command.php(143): PHPUnit\TextUI\TestRunner->run(Object(PHPUnit\Framework\TestSuite), Array, Array, true)
#13 C:\Users\sholi\wp2\Sisteminformasibengkel\vendor\phpunit\phpunit\src\TextUI\Command.php(96): PHPUnit\TextUI\Command->run(Array, true)
#14 C:\Users\sholi\wp2\Sisteminformasibengkel\vendor\phpunit\phpunit\phpunit(98): PHPUnit\TextUI\Command::main()
#15 C:\Users\sholi\wp2\Sisteminformasibengkel\vendor\bin\phpunit(123): include('C:\\Users\\sholi\\...')
#16 {main}
ERROR - 2022-10-12 09:02:13 --> Error connecting to the database: Error: Class "SQLite3" not found in C:\Users\sholi\wp2\Sisteminformasibengkel\vendor\codeigniter4\framework\system\Database\SQLite3\Connection.php:74
Stack trace:
#0 C:\Users\sholi\wp2\Sisteminformasibengkel\vendor\codeigniter4\framework\system\Database\BaseConnection.php(382): CodeIgniter\Database\SQLite3\Connection->connect(false)
#1 C:\Users\sholi\wp2\Sisteminformasibengkel\vendor\codeigniter4\framework\system\Database\SQLite3\Connection.php(48): CodeIgniter\Database\BaseConnection->initialize()
#2 C:\Users\sholi\wp2\Sisteminformasibengkel\vendor\codeigniter4\framework\system\Test\DatabaseTestTrait.php(74): CodeIgniter\Database\SQLite3\Connection->initialize()
#3 C:\Users\sholi\wp2\Sisteminformasibengkel\vendor\codeigniter4\framework\system\Test\DatabaseTestTrait.php(54): ExampleDatabaseTest->loadDependencies()
#4 C:\Users\sholi\wp2\Sisteminformasibengkel\vendor\codeigniter4\framework\system\Test\CIUnitTestCase.php(247): ExampleDatabaseTest->setUpDatabase()
#5 C:\Users\sholi\wp2\Sisteminformasibengkel\vendor\phpunit\phpunit\src\Framework\TestCase.php(1144): CodeIgniter\Test\CIUnitTestCase->setUp()
#6 C:\Users\sholi\wp2\Sisteminformasibengkel\vendor\phpunit\phpunit\src\Framework\TestResult.php(726): PHPUnit\Framework\TestCase->runBare()
#7 C:\Users\sholi\wp2\Sisteminformasibengkel\vendor\phpunit\phpunit\src\Framework\TestCase.php(903): PHPUnit\Framework\TestResult->run(Object(ExampleDatabaseTest))
#8 C:\Users\sholi\wp2\Sisteminformasibengkel\vendor\phpunit\phpunit\src\Framework\TestSuite.php(672): PHPUnit\Framework\TestCase->run(Object(PHPUnit\Framework\TestResult))
#9 C:\Users\sholi\wp2\Sisteminformasibengkel\vendor\phpunit\phpunit\src\Framework\TestSuite.php(672): PHPUnit\Framework\TestSuite->run(Object(PHPUnit\Framework\TestResult))
#10 C:\Users\sholi\wp2\Sisteminformasibengkel\vendor\phpunit\phpunit\src\Framework\TestSuite.php(672): PHPUnit\Framework\TestSuite->run(Object(PHPUnit\Framework\TestResult))
#11 C:\Users\sholi\wp2\Sisteminformasibengkel\vendor\phpunit\phpunit\src\TextUI\TestRunner.php(673): PHPUnit\Framework\TestSuite->run(Object(PHPUnit\Framework\TestResult))
#12 C:\Users\sholi\wp2\Sisteminformasibengkel\vendor\phpunit\phpunit\src\TextUI\Command.php(143): PHPUnit\TextUI\TestRunner->run(Object(PHPUnit\Framework\TestSuite), Array, Array, true)
#13 C:\Users\sholi\wp2\Sisteminformasibengkel\vendor\phpunit\phpunit\src\TextUI\Command.php(96): PHPUnit\TextUI\Command->run(Array, true)
#14 C:\Users\sholi\wp2\Sisteminformasibengkel\vendor\phpunit\phpunit\phpunit(98): PHPUnit\TextUI\Command::main()
#15 C:\Users\sholi\wp2\Sisteminformasibengkel\vendor\bin\phpunit(123): include('C:\\Users\\sholi\\...')
#16 {main}
ERROR - 2022-10-12 09:05:30 --> Error connecting to the database: Error: Class "SQLite3" not found in C:\Users\sholi\wp2\Sisteminformasibengkel\vendor\codeigniter4\framework\system\Database\SQLite3\Connection.php:74
Stack trace:
#0 C:\Users\sholi\wp2\Sisteminformasibengkel\vendor\codeigniter4\framework\system\Database\BaseConnection.php(382): CodeIgniter\Database\SQLite3\Connection->connect(false)
#1 C:\Users\sholi\wp2\Sisteminformasibengkel\vendor\codeigniter4\framework\system\Database\SQLite3\Connection.php(48): CodeIgniter\Database\BaseConnection->initialize()
#2 C:\Users\sholi\wp2\Sisteminformasibengkel\vendor\codeigniter4\framework\system\Test\DatabaseTestTrait.php(74): CodeIgniter\Database\SQLite3\Connection->initialize()
#3 C:\Users\sholi\wp2\Sisteminformasibengkel\vendor\codeigniter4\framework\system\Test\DatabaseTestTrait.php(54): ExampleDatabaseTest->loadDependencies()
#4 C:\Users\sholi\wp2\Sisteminformasibengkel\vendor\codeigniter4\framework\system\Test\CIUnitTestCase.php(247): ExampleDatabaseTest->setUpDatabase()
#5 C:\Users\sholi\wp2\Sisteminformasibengkel\vendor\phpunit\phpunit\src\Framework\TestCase.php(1147): CodeIgniter\Test\CIUnitTestCase->setUp()
#6 C:\Users\sholi\wp2\Sisteminformasibengkel\vendor\phpunit\phpunit\src\Framework\TestResult.php(728): PHPUnit\Framework\TestCase->runBare()
#7 C:\Users\sholi\wp2\Sisteminformasibengkel\vendor\phpunit\phpunit\src\Framework\TestCase.php(904): PHPUnit\Framework\TestResult->run(Object(ExampleDatabaseTest))
#8 C:\Users\sholi\wp2\Sisteminformasibengkel\vendor\phpunit\phpunit\src\Framework\TestSuite.php(673): PHPUnit\Framework\TestCase->run(Object(PHPUnit\Framework\TestResult))
#9 C:\Users\sholi\wp2\Sisteminformasibengkel\vendor\phpunit\phpunit\src\Framework\TestSuite.php(673): PHPUnit\Framework\TestSuite->run(Object(PHPUnit\Framework\TestResult))
#10 C:\Users\sholi\wp2\Sisteminformasibengkel\vendor\phpunit\phpunit\src\Framework\TestSuite.php(673): PHPUnit\Framework\TestSuite->run(Object(PHPUnit\Framework\TestResult))
#11 C:\Users\sholi\wp2\Sisteminformasibengkel\vendor\phpunit\phpunit\src\TextUI\TestRunner.php(673): PHPUnit\Framework\TestSuite->run(Object(PHPUnit\Framework\TestResult))
#12 C:\Users\sholi\wp2\Sisteminformasibengkel\vendor\phpunit\phpunit\src\TextUI\Command.php(144): PHPUnit\TextUI\TestRunner->run(Object(PHPUnit\Framework\TestSuite), Array, Array, true)
#13 C:\Users\sholi\wp2\Sisteminformasibengkel\vendor\phpunit\phpunit\src\TextUI\Command.php(97): PHPUnit\TextUI\Command->run(Array, true)
#14 C:\Users\sholi\wp2\Sisteminformasibengkel\vendor\phpunit\phpunit\phpunit(98): PHPUnit\TextUI\Command::main()
#15 C:\Users\sholi\wp2\Sisteminformasibengkel\vendor\bin\phpunit(123): include('C:\\Users\\sholi\\...')
#16 {main}
ERROR - 2022-10-12 09:05:30 --> Error connecting to the database: Error: Class "SQLite3" not found in C:\Users\sholi\wp2\Sisteminformasibengkel\vendor\codeigniter4\framework\system\Database\SQLite3\Connection.php:74
Stack trace:
#0 C:\Users\sholi\wp2\Sisteminformasibengkel\vendor\codeigniter4\framework\system\Database\BaseConnection.php(382): CodeIgniter\Database\SQLite3\Connection->connect(false)
#1 C:\Users\sholi\wp2\Sisteminformasibengkel\vendor\codeigniter4\framework\system\Database\SQLite3\Connection.php(48): CodeIgniter\Database\BaseConnection->initialize()
#2 C:\Users\sholi\wp2\Sisteminformasibengkel\vendor\codeigniter4\framework\system\Test\DatabaseTestTrait.php(74): CodeIgniter\Database\SQLite3\Connection->initialize()
#3 C:\Users\sholi\wp2\Sisteminformasibengkel\vendor\codeigniter4\framework\system\Test\DatabaseTestTrait.php(54): ExampleDatabaseTest->loadDependencies()
#4 C:\Users\sholi\wp2\Sisteminformasibengkel\vendor\codeigniter4\framework\system\Test\CIUnitTestCase.php(247): ExampleDatabaseTest->setUpDatabase()
#5 C:\Users\sholi\wp2\Sisteminformasibengkel\vendor\phpunit\phpunit\src\Framework\TestCase.php(1147): CodeIgniter\Test\CIUnitTestCase->setUp()
#6 C:\Users\sholi\wp2\Sisteminformasibengkel\vendor\phpunit\phpunit\src\Framework\TestResult.php(728): PHPUnit\Framework\TestCase->runBare()
#7 C:\Users\sholi\wp2\Sisteminformasibengkel\vendor\phpunit\phpunit\src\Framework\TestCase.php(904): PHPUnit\Framework\TestResult->run(Object(ExampleDatabaseTest))
#8 C:\Users\sholi\wp2\Sisteminformasibengkel\vendor\phpunit\phpunit\src\Framework\TestSuite.php(673): PHPUnit\Framework\TestCase->run(Object(PHPUnit\Framework\TestResult))
#9 C:\Users\sholi\wp2\Sisteminformasibengkel\vendor\phpunit\phpunit\src\Framework\TestSuite.php(673): PHPUnit\Framework\TestSuite->run(Object(PHPUnit\Framework\TestResult))
#10 C:\Users\sholi\wp2\Sisteminformasibengkel\vendor\phpunit\phpunit\src\Framework\TestSuite.php(673): PHPUnit\Framework\TestSuite->run(Object(PHPUnit\Framework\TestResult))
#11 C:\Users\sholi\wp2\Sisteminformasibengkel\vendor\phpunit\phpunit\src\TextUI\TestRunner.php(673): PHPUnit\Framework\TestSuite->run(Object(PHPUnit\Framework\TestResult))
#12 C:\Users\sholi\wp2\Sisteminformasibengkel\vendor\phpunit\phpunit\src\TextUI\Command.php(144): PHPUnit\TextUI\TestRunner->run(Object(PHPUnit\Framework\TestSuite), Array, Array, true)
#13 C:\Users\sholi\wp2\Sisteminformasibengkel\vendor\phpunit\phpunit\src\TextUI\Command.php(97): PHPUnit\TextUI\Command->run(Array, true)
#14 C:\Users\sholi\wp2\Sisteminformasibengkel\vendor\phpunit\phpunit\phpunit(98): PHPUnit\TextUI\Command::main()
#15 C:\Users\sholi\wp2\Sisteminformasibengkel\vendor\bin\phpunit(123): include('C:\\Users\\sholi\\...')
#16 {main}
ERROR - 2022-10-12 09:11:25 --> Error connecting to the database: Error: Class "SQLite3" not found in C:\Users\sholi\wp2\Sisteminformasibengkel\vendor\codeigniter4\framework\system\Database\SQLite3\Connection.php:74
Stack trace:
#0 C:\Users\sholi\wp2\Sisteminformasibengkel\vendor\codeigniter4\framework\system\Database\BaseConnection.php(382): CodeIgniter\Database\SQLite3\Connection->connect(false)
#1 C:\Users\sholi\wp2\Sisteminformasibengkel\vendor\codeigniter4\framework\system\Database\SQLite3\Connection.php(48): CodeIgniter\Database\BaseConnection->initialize()
#2 C:\Users\sholi\wp2\Sisteminformasibengkel\vendor\codeigniter4\framework\system\Test\DatabaseTestTrait.php(74): CodeIgniter\Database\SQLite3\Connection->initialize()
#3 C:\Users\sholi\wp2\Sisteminformasibengkel\vendor\codeigniter4\framework\system\Test\DatabaseTestTrait.php(54): ExampleDatabaseTest->loadDependencies()
#4 C:\Users\sholi\wp2\Sisteminformasibengkel\vendor\codeigniter4\framework\system\Test\CIUnitTestCase.php(247): ExampleDatabaseTest->setUpDatabase()
#5 C:\Users\sholi\wp2\Sisteminformasibengkel\vendor\phpunit\phpunit\src\Framework\TestCase.php(1147): CodeIgniter\Test\CIUnitTestCase->setUp()
#6 C:\Users\sholi\wp2\Sisteminformasibengkel\vendor\phpunit\phpunit\src\Framework\TestResult.php(728): PHPUnit\Framework\TestCase->runBare()
#7 C:\Users\sholi\wp2\Sisteminformasibengkel\vendor\phpunit\phpunit\src\Framework\TestCase.php(904): PHPUnit\Framework\TestResult->run(Object(ExampleDatabaseTest))
#8 C:\Users\sholi\wp2\Sisteminformasibengkel\vendor\phpunit\phpunit\src\Framework\TestSuite.php(673): PHPUnit\Framework\TestCase->run(Object(PHPUnit\Framework\TestResult))
#9 C:\Users\sholi\wp2\Sisteminformasibengkel\vendor\phpunit\phpunit\src\Framework\TestSuite.php(673): PHPUnit\Framework\TestSuite->run(Object(PHPUnit\Framework\TestResult))
#10 C:\Users\sholi\wp2\Sisteminformasibengkel\vendor\phpunit\phpunit\src\Framework\TestSuite.php(673): PHPUnit\Framework\TestSuite->run(Object(PHPUnit\Framework\TestResult))
#11 C:\Users\sholi\wp2\Sisteminformasibengkel\vendor\phpunit\phpunit\src\TextUI\TestRunner.php(673): PHPUnit\Framework\TestSuite->run(Object(PHPUnit\Framework\TestResult))
#12 C:\Users\sholi\wp2\Sisteminformasibengkel\vendor\phpunit\phpunit\src\TextUI\Command.php(144): PHPUnit\TextUI\TestRunner->run(Object(PHPUnit\Framework\TestSuite), Array, Array, true)
#13 C:\Users\sholi\wp2\Sisteminformasibengkel\vendor\phpunit\phpunit\src\TextUI\Command.php(97): PHPUnit\TextUI\Command->run(Array, true)
#14 C:\Users\sholi\wp2\Sisteminformasibengkel\vendor\phpunit\phpunit\phpunit(98): PHPUnit\TextUI\Command::main()
#15 C:\Users\sholi\wp2\Sisteminformasibengkel\vendor\bin\phpunit(123): include('C:\\Users\\sholi\\...')
#16 {main}
ERROR - 2022-10-12 09:11:25 --> Error connecting to the database: Error: Class "SQLite3" not found in C:\Users\sholi\wp2\Sisteminformasibengkel\vendor\codeigniter4\framework\system\Database\SQLite3\Connection.php:74
Stack trace:
#0 C:\Users\sholi\wp2\Sisteminformasibengkel\vendor\codeigniter4\framework\system\Database\BaseConnection.php(382): CodeIgniter\Database\SQLite3\Connection->connect(false)
#1 C:\Users\sholi\wp2\Sisteminformasibengkel\vendor\codeigniter4\framework\system\Database\SQLite3\Connection.php(48): CodeIgniter\Database\BaseConnection->initialize()
#2 C:\Users\sholi\wp2\Sisteminformasibengkel\vendor\codeigniter4\framework\system\Test\DatabaseTestTrait.php(74): CodeIgniter\Database\SQLite3\Connection->initialize()
#3 C:\Users\sholi\wp2\Sisteminformasibengkel\vendor\codeigniter4\framework\system\Test\DatabaseTestTrait.php(54): ExampleDatabaseTest->loadDependencies()
#4 C:\Users\sholi\wp2\Sisteminformasibengkel\vendor\codeigniter4\framework\system\Test\CIUnitTestCase.php(247): ExampleDatabaseTest->setUpDatabase()
#5 C:\Users\sholi\wp2\Sisteminformasibengkel\vendor\phpunit\phpunit\src\Framework\TestCase.php(1147): CodeIgniter\Test\CIUnitTestCase->setUp()
#6 C:\Users\sholi\wp2\Sisteminformasibengkel\vendor\phpunit\phpunit\src\Framework\TestResult.php(728): PHPUnit\Framework\TestCase->runBare()
#7 C:\Users\sholi\wp2\Sisteminformasibengkel\vendor\phpunit\phpunit\src\Framework\TestCase.php(904): PHPUnit\Framework\TestResult->run(Object(ExampleDatabaseTest))
#8 C:\Users\sholi\wp2\Sisteminformasibengkel\vendor\phpunit\phpunit\src\Framework\TestSuite.php(673): PHPUnit\Framework\TestCase->run(Object(PHPUnit\Framework\TestResult))
#9 C:\Users\sholi\wp2\Sisteminformasibengkel\vendor\phpunit\phpunit\src\Framework\TestSuite.php(673): PHPUnit\Framework\TestSuite->run(Object(PHPUnit\Framework\TestResult))
#10 C:\Users\sholi\wp2\Sisteminformasibengkel\vendor\phpunit\phpunit\src\Framework\TestSuite.php(673): PHPUnit\Framework\TestSuite->run(Object(PHPUnit\Framework\TestResult))
#11 C:\Users\sholi\wp2\Sisteminformasibengkel\vendor\phpunit\phpunit\src\TextUI\TestRunner.php(673): PHPUnit\Framework\TestSuite->run(Object(PHPUnit\Framework\TestResult))
#12 C:\Users\sholi\wp2\Sisteminformasibengkel\vendor\phpunit\phpunit\src\TextUI\Command.php(144): PHPUnit\TextUI\TestRunner->run(Object(PHPUnit\Framework\TestSuite), Array, Array, true)
#13 C:\Users\sholi\wp2\Sisteminformasibengkel\vendor\phpunit\phpunit\src\TextUI\Command.php(97): PHPUnit\TextUI\Command->run(Array, true)
#14 C:\Users\sholi\wp2\Sisteminformasibengkel\vendor\phpunit\phpunit\phpunit(98): PHPUnit\TextUI\Command::main()
#15 C:\Users\sholi\wp2\Sisteminformasibengkel\vendor\bin\phpunit(123): include('C:\\Users\\sholi\\...')
#16 {main}
